INFO - 2023-10-24 14:33:45 --> Session: Class initialized using 'CodeIgniter\Session\Handlers\FileHandler' driver.
INFO - 2023-10-24 14:34:02 --> Session: Class initialized using 'CodeIgniter\Session\Handlers\FileHandler' driver.
INFO - 2023-10-24 14:34:10 --> Session: Class initialized using 'CodeIgniter\Session\Handlers\FileHandler' driver.
INFO - 2023-10-24 14:34:12 --> Session: Class initialized using 'CodeIgniter\Session\Handlers\FileHandler' driver.
INFO - 2023-10-24 14:34:26 --> Session: Class initialized using 'CodeIgniter\Session\Handlers\FileHandler' driver.
INFO - 2023-10-24 14:35:19 --> Session: Class initialized using 'CodeIgniter\Session\Handlers\FileHandler' driver.
INFO - 2023-10-24 14:37:15 --> Session: Class initialized using 'CodeIgniter\Session\Handlers\FileHandler' driver.
INFO - 2023-10-24 14:37:29 --> Session: Class initialized using 'CodeIgniter\Session\Handlers\FileHandler' driver.
INFO - 2023-10-24 14:37:33 --> Session: Class initialized using 'CodeIgniter\Session\Handlers\FileHandler' driver.
ERROR - 2023-10-24 14:37:33 --> mysqli_sql_exception: Cannot delete or update a parent row: a foreign key constraint fails (`test`.`Pedido`, CONSTRAINT `Pedido_ibfk_1` FOREIGN KEY (`Usuario_id`) REFERENCES `Usuario` (`id`)) in /home/xnullx/Programação/ProjetoIntegradorBackEnd/vendor/codeigniter4/framework/system/Database/MySQLi/Connection.php:306
Stack trace:
#0 /home/xnullx/Programação/ProjetoIntegradorBackEnd/vendor/codeigniter4/framework/system/Database/MySQLi/Connection.php(306): mysqli->query()
#1 /home/xnullx/Programação/ProjetoIntegradorBackEnd/vendor/codeigniter4/framework/system/Database/BaseConnection.php(692): CodeIgniter\Database\MySQLi\Connection->execute()
#2 /home/xnullx/Programação/ProjetoIntegradorBackEnd/vendor/codeigniter4/framework/system/Database/BaseConnection.php(606): CodeIgniter\Database\BaseConnection->simpleQuery()
#3 /home/xnullx/Programação/ProjetoIntegradorBackEnd/vendor/codeigniter4/framework/system/Database/BaseBuilder.php(2791): CodeIgniter\Database\BaseConnection->query()
#4 /home/xnullx/Programação/ProjetoIntegradorBackEnd/vendor/codeigniter4/framework/system/Model.php(445): CodeIgniter\Database\BaseBuilder->delete()
#5 /home/xnullx/Programação/ProjetoIntegradorBackEnd/vendor/codeigniter4/framework/system/BaseModel.php(1080): CodeIgniter\Model->doDelete()
#6 /home/xnullx/Programação/ProjetoIntegradorBackEnd/app/Controllers/Api/usuarios.php(60): CodeIgniter\BaseModel->delete()
#7 /home/xnullx/Programação/ProjetoIntegradorBackEnd/vendor/codeigniter4/framework/system/CodeIgniter.php(915): App\Controllers\Api\usuarios->delete()
#8 /home/xnullx/Programação/ProjetoIntegradorBackEnd/vendor/codeigniter4/framework/system/CodeIgniter.php(492): CodeIgniter\CodeIgniter->runController()
#9 /home/xnullx/Programação/ProjetoIntegradorBackEnd/vendor/codeigniter4/framework/system/CodeIgniter.php(353): CodeIgniter\CodeIgniter->handleRequest()
#10 /home/xnullx/Programação/ProjetoIntegradorBackEnd/public/index.php(79): CodeIgniter\CodeIgniter->run()
#11 /home/xnullx/Programação/ProjetoIntegradorBackEnd/vendor/codeigniter4/framework/system/Commands/Server/rewrite.php(47): require_once('...')
#12 {main}
CRITICAL - 2023-10-24 14:37:33 --> Cannot delete or update a parent row: a foreign key constraint fails (`test`.`Pedido`, CONSTRAINT `Pedido_ibfk_1` FOREIGN KEY (`Usuario_id`) REFERENCES `Usuario` (`id`))
in SYSTEMPATH/Database/BaseConnection.php on line 646.
 1 SYSTEMPATH/Database/BaseBuilder.php(2791): CodeIgniter\Database\BaseConnection->query()
 2 SYSTEMPATH/Model.php(445): CodeIgniter\Database\BaseBuilder->delete()
 3 SYSTEMPATH/BaseModel.php(1080): CodeIgniter\Model->doDelete()
 4 APPPATH/Controllers/Api/usuarios.php(60): CodeIgniter\BaseModel->delete()
 5 SYSTEMPATH/CodeIgniter.php(915): App\Controllers\Api\usuarios->delete()
 6 SYSTEMPATH/CodeIgniter.php(492): CodeIgniter\CodeIgniter->runController()
 7 SYSTEMPATH/CodeIgniter.php(353): CodeIgniter\CodeIgniter->handleRequest()
 8 FCPATH/index.php(79): CodeIgniter\CodeIgniter->run()
 9 SYSTEMPATH/Commands/Server/rewrite.php(47): require_once('/home/xnullx/Programação/ProjetoIntegradorBackEnd/public/index.php')
INFO - 2023-10-24 14:38:08 --> Session: Class initialized using 'CodeIgniter\Session\Handlers\FileHandler' driver.
ERROR - 2023-10-24 14:38:09 --> mysqli_sql_exception: Cannot delete or update a parent row: a foreign key constraint fails (`test`.`Pedido`, CONSTRAINT `Pedido_ibfk_1` FOREIGN KEY (`Usuario_id`) REFERENCES `Usuario` (`id`)) in /home/xnullx/Programação/ProjetoIntegradorBackEnd/vendor/codeigniter4/framework/system/Database/MySQLi/Connection.php:306
Stack trace:
#0 /home/xnullx/Programação/ProjetoIntegradorBackEnd/vendor/codeigniter4/framework/system/Database/MySQLi/Connection.php(306): mysqli->query()
#1 /home/xnullx/Programação/ProjetoIntegradorBackEnd/vendor/codeigniter4/framework/system/Database/BaseConnection.php(692): CodeIgniter\Database\MySQLi\Connection->execute()
#2 /home/xnullx/Programação/ProjetoIntegradorBackEnd/vendor/codeigniter4/framework/system/Database/BaseConnection.php(606): CodeIgniter\Database\BaseConnection->simpleQuery()
#3 /home/xnullx/Programação/ProjetoIntegradorBackEnd/vendor/codeigniter4/framework/system/Database/BaseBuilder.php(2791): CodeIgniter\Database\BaseConnection->query()
#4 /home/xnullx/Programação/ProjetoIntegradorBackEnd/vendor/codeigniter4/framework/system/Model.php(445): CodeIgniter\Database\BaseBuilder->delete()
#5 /home/xnullx/Programação/ProjetoIntegradorBackEnd/vendor/codeigniter4/framework/system/BaseModel.php(1080): CodeIgniter\Model->doDelete()
#6 /home/xnullx/Programação/ProjetoIntegradorBackEnd/app/Controllers/Api/usuarios.php(60): CodeIgniter\BaseModel->delete()
#7 /home/xnullx/Programação/ProjetoIntegradorBackEnd/vendor/codeigniter4/framework/system/CodeIgniter.php(915): App\Controllers\Api\usuarios->delete()
#8 /home/xnullx/Programação/ProjetoIntegradorBackEnd/vendor/codeigniter4/framework/system/CodeIgniter.php(492): CodeIgniter\CodeIgniter->runController()
#9 /home/xnullx/Programação/ProjetoIntegradorBackEnd/vendor/codeigniter4/framework/system/CodeIgniter.php(353): CodeIgniter\CodeIgniter->handleRequest()
#10 /home/xnullx/Programação/ProjetoIntegradorBackEnd/public/index.php(79): CodeIgniter\CodeIgniter->run()
#11 /home/xnullx/Programação/ProjetoIntegradorBackEnd/vendor/codeigniter4/framework/system/Commands/Server/rewrite.php(47): require_once('...')
#12 {main}
CRITICAL - 2023-10-24 14:38:09 --> Cannot delete or update a parent row: a foreign key constraint fails (`test`.`Pedido`, CONSTRAINT `Pedido_ibfk_1` FOREIGN KEY (`Usuario_id`) REFERENCES `Usuario` (`id`))
in SYSTEMPATH/Database/BaseConnection.php on line 646.
 1 SYSTEMPATH/Database/BaseBuilder.php(2791): CodeIgniter\Database\BaseConnection->query()
 2 SYSTEMPATH/Model.php(445): CodeIgniter\Database\BaseBuilder->delete()
 3 SYSTEMPATH/BaseModel.php(1080): CodeIgniter\Model->doDelete()
 4 APPPATH/Controllers/Api/usuarios.php(60): CodeIgniter\BaseModel->delete()
 5 SYSTEMPATH/CodeIgniter.php(915): App\Controllers\Api\usuarios->delete()
 6 SYSTEMPATH/CodeIgniter.php(492): CodeIgniter\CodeIgniter->runController()
 7 SYSTEMPATH/CodeIgniter.php(353): CodeIgniter\CodeIgniter->handleRequest()
 8 FCPATH/index.php(79): CodeIgniter\CodeIgniter->run()
 9 SYSTEMPATH/Commands/Server/rewrite.php(47): require_once('/home/xnullx/Programação/ProjetoIntegradorBackEnd/public/index.php')
INFO - 2023-10-24 14:39:26 --> Session: Class initialized using 'CodeIgniter\Session\Handlers\FileHandler' driver.
INFO - 2023-10-24 14:39:27 --> Session: Class initialized using 'CodeIgniter\Session\Handlers\FileHandler' driver.
INFO - 2023-10-24 14:39:35 --> Session: Class initialized using 'CodeIgniter\Session\Handlers\FileHandler' driver.
INFO - 2023-10-24 14:39:35 --> Session: Class initialized using 'CodeIgniter\Session\Handlers\FileHandler' driver.
INFO - 2023-10-24 14:39:42 --> Session: Class initialized using 'CodeIgniter\Session\Handlers\FileHandler' driver.
INFO - 2023-10-24 14:39:43 --> Session: Class initialized using 'CodeIgniter\Session\Handlers\FileHandler' driver.
INFO - 2023-10-24 14:39:56 --> Session: Class initialized using 'CodeIgniter\Session\Handlers\FileHandler' driver.
INFO - 2023-10-24 14:55:41 --> Session: Class initialized using 'CodeIgniter\Session\Handlers\FileHandler' driver.
INFO - 2023-10-24 14:55:42 --> Session: Class initialized using 'CodeIgniter\Session\Handlers\FileHandler' driver.
INFO - 2023-10-24 14:55:49 --> Session: Class initialized using 'CodeIgniter\Session\Handlers\FileHandler' driver.
INFO - 2023-10-24 14:55:50 --> Session: Class initialized using 'CodeIgniter\Session\Handlers\FileHandler' driver.
INFO - 2023-10-24 14:56:01 --> Session: Class initialized using 'CodeIgniter\Session\Handlers\FileHandler' driver.
INFO - 2023-10-24 14:56:07 --> Session: Class initialized using 'CodeIgniter\Session\Handlers\FileHandler' driver.
INFO - 2023-10-24 15:00:56 --> Session: Class initialized using 'CodeIgniter\Session\Handlers\FileHandler' driver.
INFO - 2023-10-24 15:00:58 --> Session: Class initialized using 'CodeIgniter\Session\Handlers\FileHandler' driver.
INFO - 2023-10-24 15:02:14 --> Session: Class initialized using 'CodeIgniter\Session\Handlers\FileHandler' driver.
INFO - 2023-10-24 15:02:56 --> Session: Class initialized using 'CodeIgniter\Session\Handlers\FileHandler' driver.
INFO - 2023-10-24 15:02:57 --> Session: Class initialized using 'CodeIgniter\Session\Handlers\FileHandler' driver.
INFO - 2023-10-24 15:03:40 --> Session: Class initialized using 'CodeIgniter\Session\Handlers\FileHandler' driver.
INFO - 2023-10-24 15:04:03 --> Session: Class initialized using 'CodeIgniter\Session\Handlers\FileHandler' driver.
INFO - 2023-10-24 15:04:03 --> Session: Class initialized using 'CodeIgniter\Session\Handlers\FileHandler' driver.
INFO - 2023-10-24 15:04:13 --> Session: Class initialized using 'CodeIgniter\Session\Handlers\FileHandler' driver.
INFO - 2023-10-24 15:04:14 --> Session: Class initialized using 'CodeIgniter\Session\Handlers\FileHandler' driver.
INFO - 2023-10-24 15:05:02 --> Session: Class initialized using 'CodeIgniter\Session\Handlers\FileHandler' driver.
INFO - 2023-10-24 15:06:42 --> Session: Class initialized using 'CodeIgniter\Session\Handlers\FileHandler' driver.
INFO - 2023-10-24 15:06:57 --> Session: Class initialized using 'CodeIgniter\Session\Handlers\FileHandler' driver.
INFO - 2023-10-24 15:07:03 --> Session: Class initialized using 'CodeIgniter\Session\Handlers\FileHandler' driver.
INFO - 2023-10-24 15:07:08 --> Session: Class initialized using 'CodeIgniter\Session\Handlers\FileHandler' driver.
INFO - 2023-10-24 15:07:15 --> Session: Class initialized using 'CodeIgniter\Session\Handlers\FileHandler' driver.
INFO - 2023-10-24 15:07:20 --> Session: Class initialized using 'CodeIgniter\Session\Handlers\FileHandler' driver.
INFO - 2023-10-24 15:07:33 --> Session: Class initialized using 'CodeIgniter\Session\Handlers\FileHandler' driver.
INFO - 2023-10-24 15:07:33 --> Session: Class initialized using 'CodeIgniter\Session\Handlers\FileHandler' driver.
INFO - 2023-10-24 15:07:54 --> Session: Class initialized using 'CodeIgniter\Session\Handlers\FileHandler' driver.
INFO - 2023-10-24 15:07:55 --> Session: Class initialized using 'CodeIgniter\Session\Handlers\FileHandler' driver.
INFO - 2023-10-24 15:08:01 --> Session: Class initialized using 'CodeIgniter\Session\Handlers\FileHandler' driver.
INFO - 2023-10-24 15:08:05 --> Session: Class initialized using 'CodeIgniter\Session\Handlers\FileHandler' driver.
INFO - 2023-10-24 15:08:25 --> Session: Class initialized using 'CodeIgniter\Session\Handlers\FileHandler' driver.
INFO - 2023-10-24 15:08:30 --> Session: Class initialized using 'CodeIgniter\Session\Handlers\FileHandler' driver.
INFO - 2023-10-24 15:18:06 --> Session: Class initialized using 'CodeIgniter\Session\Handlers\FileHandler' driver.
INFO - 2023-10-24 15:18:17 --> Session: Class initialized using 'CodeIgniter\Session\Handlers\FileHandler' driver.
INFO - 2023-10-24 15:18:18 --> Session: Class initialized using 'CodeIgniter\Session\Handlers\FileHandler' driver.
INFO - 2023-10-24 15:27:38 --> Session: Class initialized using 'CodeIgniter\Session\Handlers\FileHandler' driver.
INFO - 2023-10-24 16:05:15 --> Session: Class initialized using 'CodeIgniter\Session\Handlers\FileHandler' driver.
CRITICAL - 2023-10-24 16:05:16 --> Undefined array key "tipo"
in APPPATH/Controllers/AuthLogin.php on line 35.
 1 APPPATH/Controllers/AuthLogin.php(35): CodeIgniter\Debug\Exceptions->errorHandler()
 2 SYSTEMPATH/CodeIgniter.php(915): App\Controllers\AuthLogin->login()
 3 SYSTEMPATH/CodeIgniter.php(492): CodeIgniter\CodeIgniter->runController()
 4 SYSTEMPATH/CodeIgniter.php(353): CodeIgniter\CodeIgniter->handleRequest()
 5 FCPATH/index.php(79): CodeIgniter\CodeIgniter->run()
 6 SYSTEMPATH/Commands/Server/rewrite.php(47): require_once('/home/xnullx/Programação/ProjetoIntegradorBackEnd/public/index.php')
INFO - 2023-10-24 16:05:42 --> Session: Class initialized using 'CodeIgniter\Session\Handlers\FileHandler' driver.
INFO - 2023-10-24 16:06:02 --> Session: Class initialized using 'CodeIgniter\Session\Handlers\FileHandler' driver.
INFO - 2023-10-24 16:06:02 --> Session: Class initialized using 'CodeIgniter\Session\Handlers\FileHandler' driver.
INFO - 2023-10-24 16:06:09 --> Session: Class initialized using 'CodeIgniter\Session\Handlers\FileHandler' driver.
INFO - 2023-10-24 16:06:10 --> Session: Class initialized using 'CodeIgniter\Session\Handlers\FileHandler' driver.
INFO - 2023-10-24 16:06:19 --> Session: Class initialized using 'CodeIgniter\Session\Handlers\FileHandler' driver.
INFO - 2023-10-24 16:06:26 --> Session: Class initialized using 'CodeIgniter\Session\Handlers\FileHandler' driver.
INFO - 2023-10-24 16:07:30 --> Session: Class initialized using 'CodeIgniter\Session\Handlers\FileHandler' driver.
INFO - 2023-10-24 16:07:34 --> Session: Class initialized using 'CodeIgniter\Session\Handlers\FileHandler' driver.
INFO - 2023-10-24 16:07:35 --> Session: Class initialized using 'CodeIgniter\Session\Handlers\FileHandler' driver.
INFO - 2023-10-24 16:07:56 --> Session: Class initialized using 'CodeIgniter\Session\Handlers\FileHandler' driver.
INFO - 2023-10-24 16:07:56 --> Session: Class initialized using 'CodeIgniter\Session\Handlers\FileHandler' driver.
INFO - 2023-10-24 16:08:02 --> Session: Class initialized using 'CodeIgniter\Session\Handlers\FileHandler' driver.
INFO - 2023-10-24 16:08:09 --> Session: Class initialized using 'CodeIgniter\Session\Handlers\FileHandler' driver.
INFO - 2023-10-24 16:09:01 --> Session: Class initialized using 'CodeIgniter\Session\Handlers\FileHandler' driver.
INFO - 2023-10-24 16:09:02 --> Session: Class initialized using 'CodeIgniter\Session\Handlers\FileHandler' driver.
INFO - 2023-10-24 16:09:08 --> Session: Class initialized using 'CodeIgniter\Session\Handlers\FileHandler' driver.
INFO - 2023-10-24 16:09:08 --> Session: Class initialized using 'CodeIgniter\Session\Handlers\FileHandler' driver.
INFO - 2023-10-24 16:09:15 --> Session: Class initialized using 'CodeIgniter\Session\Handlers\FileHandler' driver.
INFO - 2023-10-24 16:09:32 --> Session: Class initialized using 'CodeIgniter\Session\Handlers\FileHandler' driver.
INFO - 2023-10-24 16:09:44 --> Session: Class initialized using 'CodeIgniter\Session\Handlers\FileHandler' driver.
INFO - 2023-10-24 16:09:49 --> Session: Class initialized using 'CodeIgniter\Session\Handlers\FileHandler' driver.
INFO - 2023-10-24 16:09:55 --> Session: Class initialized using 'CodeIgniter\Session\Handlers\FileHandler' driver.
INFO - 2023-10-24 16:10:05 --> Session: Class initialized using 'CodeIgniter\Session\Handlers\FileHandler' driver.
INFO - 2023-10-24 16:10:40 --> Session: Class initialized using 'CodeIgniter\Session\Handlers\FileHandler' driver.
INFO - 2023-10-24 16:10:46 --> Session: Class initialized using 'CodeIgniter\Session\Handlers\FileHandler' driver.
INFO - 2023-10-24 16:10:47 --> Session: Class initialized using 'CodeIgniter\Session\Handlers\FileHandler' driver.
INFO - 2023-10-24 16:10:53 --> Session: Class initialized using 'CodeIgniter\Session\Handlers\FileHandler' driver.
INFO - 2023-10-24 16:10:53 --> Session: Class initialized using 'CodeIgniter\Session\Handlers\FileHandler' driver.
INFO - 2023-10-24 16:11:00 --> Session: Class initialized using 'CodeIgniter\Session\Handlers\FileHandler' driver.
INFO - 2023-10-24 16:12:20 --> Session: Class initialized using 'CodeIgniter\Session\Handlers\FileHandler' driver.
INFO - 2023-10-24 16:12:23 --> Session: Class initialized using 'CodeIgniter\Session\Handlers\FileHandler' driver.
INFO - 2023-10-24 16:12:33 --> Session: Class initialized using 'CodeIgniter\Session\Handlers\FileHandler' driver.
INFO - 2023-10-24 16:14:42 --> Session: Class initialized using 'CodeIgniter\Session\Handlers\FileHandler' driver.
INFO - 2023-10-24 16:15:21 --> Session: Class initialized using 'CodeIgniter\Session\Handlers\FileHandler' driver.
INFO - 2023-10-24 16:15:22 --> Session: Class initialized using 'CodeIgniter\Session\Handlers\FileHandler' driver.
INFO - 2023-10-24 16:15:25 --> Session: Class initialized using 'CodeIgniter\Session\Handlers\FileHandler' driver.
INFO - 2023-10-24 16:16:59 --> Session: Class initialized using 'CodeIgniter\Session\Handlers\FileHandler' driver.
INFO - 2023-10-24 16:35:18 --> Session: Class initialized using 'CodeIgniter\Session\Handlers\FileHandler' driver.
INFO - 2023-10-24 16:35:25 --> Session: Class initialized using 'CodeIgniter\Session\Handlers\FileHandler' driver.
INFO - 2023-10-24 16:35:25 --> Session: Class initialized using 'CodeIgniter\Session\Handlers\FileHandler' driver.
INFO - 2023-10-24 16:35:25 --> Session: Class initialized using 'CodeIgniter\Session\Handlers\FileHandler' driver.
INFO - 2023-10-24 16:36:21 --> Session: Class initialized using 'CodeIgniter\Session\Handlers\FileHandler' driver.
INFO - 2023-10-24 16:36:21 --> Session: Class initialized using 'CodeIgniter\Session\Handlers\FileHandler' driver.
INFO - 2023-10-24 16:37:37 --> Session: Class initialized using 'CodeIgniter\Session\Handlers\FileHandler' driver.
INFO - 2023-10-24 16:37:38 --> Session: Class initialized using 'CodeIgniter\Session\Handlers\FileHandler' driver.
INFO - 2023-10-24 16:39:56 --> Session: Class initialized using 'CodeIgniter\Session\Handlers\FileHandler' driver.
INFO - 2023-10-24 16:39:57 --> Session: Class initialized using 'CodeIgniter\Session\Handlers\FileHandler' driver.
INFO - 2023-10-24 16:39:57 --> Session: Class initialized using 'CodeIgniter\Session\Handlers\FileHandler' driver.
CRITICAL - 2023-10-24 16:41:03 --> "authUserFilter" filter must have a matching alias defined.
in SYSTEMPATH/Filters/Filters.php on line 350.
 1 SYSTEMPATH/Filters/Filters.php(350): CodeIgniter\Filters\Exceptions\FilterException::forNoAlias()
 2 SYSTEMPATH/CodeIgniter.php(459): CodeIgniter\Filters\Filters->enableFilter()
 3 SYSTEMPATH/CodeIgniter.php(353): CodeIgniter\CodeIgniter->handleRequest()
 4 FCPATH/index.php(79): CodeIgniter\CodeIgniter->run()
 5 SYSTEMPATH/Commands/Server/rewrite.php(47): require_once('/home/xnullx/Programação/ProjetoIntegradorBackEnd/public/index.php')
INFO - 2023-10-24 16:41:46 --> Session: Class initialized using 'CodeIgniter\Session\Handlers\FileHandler' driver.
INFO - 2023-10-24 16:41:54 --> Session: Class initialized using 'CodeIgniter\Session\Handlers\FileHandler' driver.
INFO - 2023-10-24 16:41:54 --> Session: Class initialized using 'CodeIgniter\Session\Handlers\FileHandler' driver.
INFO - 2023-10-24 16:41:54 --> Session: Class initialized using 'CodeIgniter\Session\Handlers\FileHandler' driver.
INFO - 2023-10-24 16:54:55 --> Session: Class initialized using 'CodeIgniter\Session\Handlers\FileHandler' driver.
INFO - 2023-10-24 16:58:45 --> Session: Class initialized using 'CodeIgniter\Session\Handlers\FileHandler' driver.
INFO - 2023-10-24 17:12:28 --> Session: Class initialized using 'CodeIgniter\Session\Handlers\FileHandler' driver.
INFO - 2023-10-24 17:12:29 --> Session: Class initialized using 'CodeIgniter\Session\Handlers\FileHandler' driver.
INFO - 2023-10-24 17:13:07 --> Session: Class initialized using 'CodeIgniter\Session\Handlers\FileHandler' driver.
INFO - 2023-10-24 17:13:31 --> Session: Class initialized using 'CodeIgniter\Session\Handlers\FileHandler' driver.
INFO - 2023-10-24 17:13:34 --> Session: Class initialized using 'CodeIgniter\Session\Handlers\FileHandler' driver.
INFO - 2023-10-24 17:15:16 --> Session: Class initialized using 'CodeIgniter\Session\Handlers\FileHandler' driver.
INFO - 2023-10-24 17:15:17 --> Session: Class initialized using 'CodeIgniter\Session\Handlers\FileHandler' driver.
INFO - 2023-10-24 17:15:28 --> Session: Class initialized using 'CodeIgniter\Session\Handlers\FileHandler' driver.
INFO - 2023-10-24 17:15:28 --> Session: Class initialized using 'CodeIgniter\Session\Handlers\FileHandler' driver.
INFO - 2023-10-24 17:16:17 --> Session: Class initialized using 'CodeIgniter\Session\Handlers\FileHandler' driver.
INFO - 2023-10-24 17:16:18 --> Session: Class initialized using 'CodeIgniter\Session\Handlers\FileHandler' driver.
INFO - 2023-10-24 17:16:20 --> Session: Class initialized using 'CodeIgniter\Session\Handlers\FileHandler' driver.
INFO - 2023-10-24 17:16:20 --> Session: Class initialized using 'CodeIgniter\Session\Handlers\FileHandler' driver.
INFO - 2023-10-24 17:16:21 --> Session: Class initialized using 'CodeIgniter\Session\Handlers\FileHandler' driver.
INFO - 2023-10-24 17:16:21 --> Session: Class initialized using 'CodeIgniter\Session\Handlers\FileHandler' driver.
INFO - 2023-10-24 17:16:21 --> Session: Class initialized using 'CodeIgniter\Session\Handlers\FileHandler' driver.
INFO - 2023-10-24 17:16:22 --> Session: Class initialized using 'CodeIgniter\Session\Handlers\FileHandler' driver.
INFO - 2023-10-24 17:16:22 --> Session: Class initialized using 'CodeIgniter\Session\Handlers\FileHandler' driver.
INFO - 2023-10-24 17:16:22 --> Session: Class initialized using 'CodeIgniter\Session\Handlers\FileHandler' driver.
INFO - 2023-10-24 17:16:22 --> Session: Class initialized using 'CodeIgniter\Session\Handlers\FileHandler' driver.
INFO - 2023-10-24 17:16:23 --> Session: Class initialized using 'CodeIgniter\Session\Handlers\FileHandler' driver.
INFO - 2023-10-24 17:16:23 --> Session: Class initialized using 'CodeIgniter\Session\Handlers\FileHandler' driver.
INFO - 2023-10-24 17:16:23 --> Session: Class initialized using 'CodeIgniter\Session\Handlers\FileHandler' driver.
INFO - 2023-10-24 17:16:24 --> Session: Class initialized using 'CodeIgniter\Session\Handlers\FileHandler' driver.
INFO - 2023-10-24 17:16:24 --> Session: Class initialized using 'CodeIgniter\Session\Handlers\FileHandler' driver.
INFO - 2023-10-24 17:16:24 --> Session: Class initialized using 'CodeIgniter\Session\Handlers\FileHandler' driver.
INFO - 2023-10-24 17:16:24 --> Session: Class initialized using 'CodeIgniter\Session\Handlers\FileHandler' driver.
INFO - 2023-10-24 17:16:25 --> Session: Class initialized using 'CodeIgniter\Session\Handlers\FileHandler' driver.
INFO - 2023-10-24 17:16:25 --> Session: Class initialized using 'CodeIgniter\Session\Handlers\FileHandler' driver.
INFO - 2023-10-24 17:16:27 --> Session: Class initialized using 'CodeIgniter\Session\Handlers\FileHandler' driver.
INFO - 2023-10-24 17:16:27 --> Session: Class initialized using 'CodeIgniter\Session\Handlers\FileHandler' driver.
INFO - 2023-10-24 17:16:27 --> Session: Class initialized using 'CodeIgniter\Session\Handlers\FileHandler' driver.
INFO - 2023-10-24 17:16:27 --> Session: Class initialized using 'CodeIgniter\Session\Handlers\FileHandler' driver.
INFO - 2023-10-24 17:16:28 --> Session: Class initialized using 'CodeIgniter\Session\Handlers\FileHandler' driver.
INFO - 2023-10-24 17:16:28 --> Session: Class initialized using 'CodeIgniter\Session\Handlers\FileHandler' driver.
INFO - 2023-10-24 17:16:28 --> Session: Class initialized using 'CodeIgniter\Session\Handlers\FileHandler' driver.
INFO - 2023-10-24 17:16:28 --> Session: Class initialized using 'CodeIgniter\Session\Handlers\FileHandler' driver.
INFO - 2023-10-24 17:16:29 --> Session: Class initialized using 'CodeIgniter\Session\Handlers\FileHandler' driver.
INFO - 2023-10-24 17:16:29 --> Session: Class initialized using 'CodeIgniter\Session\Handlers\FileHandler' driver.
INFO - 2023-10-24 17:16:29 --> Session: Class initialized using 'CodeIgniter\Session\Handlers\FileHandler' driver.
INFO - 2023-10-24 17:16:29 --> Session: Class initialized using 'CodeIgniter\Session\Handlers\FileHandler' driver.
INFO - 2023-10-24 17:16:30 --> Session: Class initialized using 'CodeIgniter\Session\Handlers\FileHandler' driver.
INFO - 2023-10-24 17:16:30 --> Session: Class initialized using 'CodeIgniter\Session\Handlers\FileHandler' driver.
INFO - 2023-10-24 17:16:30 --> Session: Class initialized using 'CodeIgniter\Session\Handlers\FileHandler' driver.
INFO - 2023-10-24 17:16:31 --> Session: Class initialized using 'CodeIgniter\Session\Handlers\FileHandler' driver.
INFO - 2023-10-24 17:16:31 --> Session: Class initialized using 'CodeIgniter\Session\Handlers\FileHandler' driver.
INFO - 2023-10-24 17:16:31 --> Session: Class initialized using 'CodeIgniter\Session\Handlers\FileHandler' driver.
INFO - 2023-10-24 17:16:31 --> Session: Class initialized using 'CodeIgniter\Session\Handlers\FileHandler' driver.
INFO - 2023-10-24 17:16:31 --> Session: Class initialized using 'CodeIgniter\Session\Handlers\FileHandler' driver.
INFO - 2023-10-24 17:16:37 --> Session: Class initialized using 'CodeIgniter\Session\Handlers\FileHandler' driver.
INFO - 2023-10-24 17:16:37 --> Session: Class initialized using 'CodeIgniter\Session\Handlers\FileHandler' driver.
INFO - 2023-10-24 17:16:37 --> Session: Class initialized using 'CodeIgniter\Session\Handlers\FileHandler' driver.
INFO - 2023-10-24 17:16:38 --> Session: Class initialized using 'CodeIgniter\Session\Handlers\FileHandler' driver.
INFO - 2023-10-24 17:16:38 --> Session: Class initialized using 'CodeIgniter\Session\Handlers\FileHandler' driver.
INFO - 2023-10-24 17:16:38 --> Session: Class initialized using 'CodeIgniter\Session\Handlers\FileHandler' driver.
INFO - 2023-10-24 17:16:38 --> Session: Class initialized using 'CodeIgniter\Session\Handlers\FileHandler' driver.
INFO - 2023-10-24 17:16:38 --> Session: Class initialized using 'CodeIgniter\Session\Handlers\FileHandler' driver.
INFO - 2023-10-24 17:16:39 --> Session: Class initialized using 'CodeIgniter\Session\Handlers\FileHandler' driver.
INFO - 2023-10-24 17:16:39 --> Session: Class initialized using 'CodeIgniter\Session\Handlers\FileHandler' driver.
INFO - 2023-10-24 17:16:39 --> Session: Class initialized using 'CodeIgniter\Session\Handlers\FileHandler' driver.
INFO - 2023-10-24 17:16:39 --> Session: Class initialized using 'CodeIgniter\Session\Handlers\FileHandler' driver.
INFO - 2023-10-24 17:16:40 --> Session: Class initialized using 'CodeIgniter\Session\Handlers\FileHandler' driver.
INFO - 2023-10-24 17:16:40 --> Session: Class initialized using 'CodeIgniter\Session\Handlers\FileHandler' driver.
INFO - 2023-10-24 17:16:40 --> Session: Class initialized using 'CodeIgniter\Session\Handlers\FileHandler' driver.
INFO - 2023-10-24 17:16:40 --> Session: Class initialized using 'CodeIgniter\Session\Handlers\FileHandler' driver.
INFO - 2023-10-24 17:16:40 --> Session: Class initialized using 'CodeIgniter\Session\Handlers\FileHandler' driver.
INFO - 2023-10-24 17:16:41 --> Session: Class initialized using 'CodeIgniter\Session\Handlers\FileHandler' driver.
INFO - 2023-10-24 17:16:41 --> Session: Class initialized using 'CodeIgniter\Session\Handlers\FileHandler' driver.
INFO - 2023-10-24 17:16:42 --> Session: Class initialized using 'CodeIgniter\Session\Handlers\FileHandler' driver.
INFO - 2023-10-24 17:17:15 --> Session: Class initialized using 'CodeIgniter\Session\Handlers\FileHandler' driver.
INFO - 2023-10-24 17:17:15 --> Session: Class initialized using 'CodeIgniter\Session\Handlers\FileHandler' driver.
INFO - 2023-10-24 17:17:16 --> Session: Class initialized using 'CodeIgniter\Session\Handlers\FileHandler' driver.
INFO - 2023-10-24 17:17:16 --> Session: Class initialized using 'CodeIgniter\Session\Handlers\FileHandler' driver.
INFO - 2023-10-24 17:17:16 --> Session: Class initialized using 'CodeIgniter\Session\Handlers\FileHandler' driver.
INFO - 2023-10-24 17:17:17 --> Session: Class initialized using 'CodeIgniter\Session\Handlers\FileHandler' driver.
INFO - 2023-10-24 17:17:17 --> Session: Class initialized using 'CodeIgniter\Session\Handlers\FileHandler' driver.
INFO - 2023-10-24 17:17:17 --> Session: Class initialized using 'CodeIgniter\Session\Handlers\FileHandler' driver.
INFO - 2023-10-24 17:17:18 --> Session: Class initialized using 'CodeIgniter\Session\Handlers\FileHandler' driver.
INFO - 2023-10-24 17:17:18 --> Session: Class initialized using 'CodeIgniter\Session\Handlers\FileHandler' driver.
INFO - 2023-10-24 17:17:18 --> Session: Class initialized using 'CodeIgniter\Session\Handlers\FileHandler' driver.
INFO - 2023-10-24 17:17:18 --> Session: Class initialized using 'CodeIgniter\Session\Handlers\FileHandler' driver.
INFO - 2023-10-24 17:17:18 --> Session: Class initialized using 'CodeIgniter\Session\Handlers\FileHandler' driver.
INFO - 2023-10-24 17:17:19 --> Session: Class initialized using 'CodeIgniter\Session\Handlers\FileHandler' driver.
INFO - 2023-10-24 17:17:19 --> Session: Class initialized using 'CodeIgniter\Session\Handlers\FileHandler' driver.
INFO - 2023-10-24 17:17:19 --> Session: Class initialized using 'CodeIgniter\Session\Handlers\FileHandler' driver.
INFO - 2023-10-24 17:17:20 --> Session: Class initialized using 'CodeIgniter\Session\Handlers\FileHandler' driver.
INFO - 2023-10-24 17:17:20 --> Session: Class initialized using 'CodeIgniter\Session\Handlers\FileHandler' driver.
INFO - 2023-10-24 17:17:21 --> Session: Class initialized using 'CodeIgniter\Session\Handlers\FileHandler' driver.
INFO - 2023-10-24 17:17:21 --> Session: Class initialized using 'CodeIgniter\Session\Handlers\FileHandler' driver.
INFO - 2023-10-24 17:18:31 --> Session: Class initialized using 'CodeIgniter\Session\Handlers\FileHandler' driver.
INFO - 2023-10-24 17:18:31 --> Session: Class initialized using 'CodeIgniter\Session\Handlers\FileHandler' driver.
INFO - 2023-10-24 17:18:33 --> Session: Class initialized using 'CodeIgniter\Session\Handlers\FileHandler' driver.
INFO - 2023-10-24 17:18:33 --> Session: Class initialized using 'CodeIgniter\Session\Handlers\FileHandler' driver.
INFO - 2023-10-24 17:19:09 --> Session: Class initialized using 'CodeIgniter\Session\Handlers\FileHandler' driver.
INFO - 2023-10-24 17:19:17 --> Session: Class initialized using 'CodeIgniter\Session\Handlers\FileHandler' driver.
INFO - 2023-10-24 17:19:19 --> Session: Class initialized using 'CodeIgniter\Session\Handlers\FileHandler' driver.
INFO - 2023-10-24 17:19:56 --> Session: Class initialized using 'CodeIgniter\Session\Handlers\FileHandler' driver.
INFO - 2023-10-24 17:20:26 --> Session: Class initialized using 'CodeIgniter\Session\Handlers\FileHandler' driver.
INFO - 2023-10-24 17:21:27 --> Session: Class initialized using 'CodeIgniter\Session\Handlers\FileHandler' driver.
INFO - 2023-10-24 17:24:45 --> Session: Class initialized using 'CodeIgniter\Session\Handlers\FileHandler' driver.
INFO - 2023-10-24 17:25:40 --> Session: Class initialized using 'CodeIgniter\Session\Handlers\FileHandler' driver.
INFO - 2023-10-24 17:25:54 --> Session: Class initialized using 'CodeIgniter\Session\Handlers\FileHandler' driver.
INFO - 2023-10-24 17:26:02 --> Session: Class initialized using 'CodeIgniter\Session\Handlers\FileHandler' driver.
INFO - 2023-10-24 17:26:03 --> Session: Class initialized using 'CodeIgniter\Session\Handlers\FileHandler' driver.
INFO - 2023-10-24 17:26:10 --> Session: Class initialized using 'CodeIgniter\Session\Handlers\FileHandler' driver.
INFO - 2023-10-24 17:26:14 --> Session: Class initialized using 'CodeIgniter\Session\Handlers\FileHandler' driver.
INFO - 2023-10-24 17:26:15 --> Session: Class initialized using 'CodeIgniter\Session\Handlers\FileHandler' driver.
INFO - 2023-10-24 17:26:31 --> Session: Class initialized using 'CodeIgniter\Session\Handlers\FileHandler' driver.
INFO - 2023-10-24 17:26:38 --> Session: Class initialized using 'CodeIgniter\Session\Handlers\FileHandler' driver.
INFO - 2023-10-24 17:26:39 --> Session: Class initialized using 'CodeIgniter\Session\Handlers\FileHandler' driver.
INFO - 2023-10-24 17:26:47 --> Session: Class initialized using 'CodeIgniter\Session\Handlers\FileHandler' driver.
INFO - 2023-10-24 17:26:47 --> Session: Class initialized using 'CodeIgniter\Session\Handlers\FileHandler' driver.
INFO - 2023-10-24 17:36:00 --> Session: Class initialized using 'CodeIgniter\Session\Handlers\FileHandler' driver.
INFO - 2023-10-24 17:36:10 --> Session: Class initialized using 'CodeIgniter\Session\Handlers\FileHandler' driver.
INFO - 2023-10-24 17:36:38 --> Session: Class initialized using 'CodeIgniter\Session\Handlers\FileHandler' driver.
INFO - 2023-10-24 17:38:08 --> Session: Class initialized using 'CodeIgniter\Session\Handlers\FileHandler' driver.
INFO - 2023-10-24 17:38:14 --> Session: Class initialized using 'CodeIgniter\Session\Handlers\FileHandler' driver.
INFO - 2023-10-24 17:38:15 --> Session: Class initialized using 'CodeIgniter\Session\Handlers\FileHandler' driver.
INFO - 2023-10-24 17:38:30 --> Session: Class initialized using 'CodeIgniter\Session\Handlers\FileHandler' driver.
INFO - 2023-10-24 17:38:37 --> Session: Class initialized using 'CodeIgniter\Session\Handlers\FileHandler' driver.
ERROR - 2023-10-24 17:38:39 --> mysqli_sql_exception: Cannot delete or update a parent row: a foreign key constraint fails (`test`.`Reserva`, CONSTRAINT `Reserva_ibfk_1` FOREIGN KEY (`Usuario_id`) REFERENCES `Usuario` (`id`)) in /home/xnullx/Programação/ProjetoIntegradorBackEnd/vendor/codeigniter4/framework/system/Database/MySQLi/Connection.php:306
Stack trace:
#0 /home/xnullx/Programação/ProjetoIntegradorBackEnd/vendor/codeigniter4/framework/system/Database/MySQLi/Connection.php(306): mysqli->query()
#1 /home/xnullx/Programação/ProjetoIntegradorBackEnd/vendor/codeigniter4/framework/system/Database/BaseConnection.php(692): CodeIgniter\Database\MySQLi\Connection->execute()
#2 /home/xnullx/Programação/ProjetoIntegradorBackEnd/vendor/codeigniter4/framework/system/Database/BaseConnection.php(606): CodeIgniter\Database\BaseConnection->simpleQuery()
#3 /home/xnullx/Programação/ProjetoIntegradorBackEnd/vendor/codeigniter4/framework/system/Database/BaseBuilder.php(2791): CodeIgniter\Database\BaseConnection->query()
#4 /home/xnullx/Programação/ProjetoIntegradorBackEnd/vendor/codeigniter4/framework/system/Model.php(445): CodeIgniter\Database\BaseBuilder->delete()
#5 /home/xnullx/Programação/ProjetoIntegradorBackEnd/vendor/codeigniter4/framework/system/BaseModel.php(1080): CodeIgniter\Model->doDelete()
#6 /home/xnullx/Programação/ProjetoIntegradorBackEnd/app/Controllers/Api/usuarios.php(68): CodeIgniter\BaseModel->delete()
#7 /home/xnullx/Programação/ProjetoIntegradorBackEnd/vendor/codeigniter4/framework/system/CodeIgniter.php(915): App\Controllers\Api\usuarios->delete()
#8 /home/xnullx/Programação/ProjetoIntegradorBackEnd/vendor/codeigniter4/framework/system/CodeIgniter.php(492): CodeIgniter\CodeIgniter->runController()
#9 /home/xnullx/Programação/ProjetoIntegradorBackEnd/vendor/codeigniter4/framework/system/CodeIgniter.php(353): CodeIgniter\CodeIgniter->handleRequest()
#10 /home/xnullx/Programação/ProjetoIntegradorBackEnd/public/index.php(79): CodeIgniter\CodeIgniter->run()
#11 /home/xnullx/Programação/ProjetoIntegradorBackEnd/vendor/codeigniter4/framework/system/Commands/Server/rewrite.php(47): require_once('...')
#12 {main}
CRITICAL - 2023-10-24 17:38:39 --> Cannot delete or update a parent row: a foreign key constraint fails (`test`.`Reserva`, CONSTRAINT `Reserva_ibfk_1` FOREIGN KEY (`Usuario_id`) REFERENCES `Usuario` (`id`))
in SYSTEMPATH/Database/BaseConnection.php on line 646.
 1 SYSTEMPATH/Database/BaseBuilder.php(2791): CodeIgniter\Database\BaseConnection->query()
 2 SYSTEMPATH/Model.php(445): CodeIgniter\Database\BaseBuilder->delete()
 3 SYSTEMPATH/BaseModel.php(1080): CodeIgniter\Model->doDelete()
 4 APPPATH/Controllers/Api/usuarios.php(68): CodeIgniter\BaseModel->delete()
 5 SYSTEMPATH/CodeIgniter.php(915): App\Controllers\Api\usuarios->delete()
 6 SYSTEMPATH/CodeIgniter.php(492): CodeIgniter\CodeIgniter->runController()
 7 SYSTEMPATH/CodeIgniter.php(353): CodeIgniter\CodeIgniter->handleRequest()
 8 FCPATH/index.php(79): CodeIgniter\CodeIgniter->run()
 9 SYSTEMPATH/Commands/Server/rewrite.php(47): require_once('/home/xnullx/Programação/ProjetoIntegradorBackEnd/public/index.php')
INFO - 2023-10-24 17:38:53 --> Session: Class initialized using 'CodeIgniter\Session\Handlers\FileHandler' driver.
ERROR - 2023-10-24 17:38:53 --> mysqli_sql_exception: Cannot delete or update a parent row: a foreign key constraint fails (`test`.`Reserva`, CONSTRAINT `Reserva_ibfk_1` FOREIGN KEY (`Usuario_id`) REFERENCES `Usuario` (`id`)) in /home/xnullx/Programação/ProjetoIntegradorBackEnd/vendor/codeigniter4/framework/system/Database/MySQLi/Connection.php:306
Stack trace:
#0 /home/xnullx/Programação/ProjetoIntegradorBackEnd/vendor/codeigniter4/framework/system/Database/MySQLi/Connection.php(306): mysqli->query()
#1 /home/xnullx/Programação/ProjetoIntegradorBackEnd/vendor/codeigniter4/framework/system/Database/BaseConnection.php(692): CodeIgniter\Database\MySQLi\Connection->execute()
#2 /home/xnullx/Programação/ProjetoIntegradorBackEnd/vendor/codeigniter4/framework/system/Database/BaseConnection.php(606): CodeIgniter\Database\BaseConnection->simpleQuery()
#3 /home/xnullx/Programação/ProjetoIntegradorBackEnd/vendor/codeigniter4/framework/system/Database/BaseBuilder.php(2791): CodeIgniter\Database\BaseConnection->query()
#4 /home/xnullx/Programação/ProjetoIntegradorBackEnd/vendor/codeigniter4/framework/system/Model.php(445): CodeIgniter\Database\BaseBuilder->delete()
#5 /home/xnullx/Programação/ProjetoIntegradorBackEnd/vendor/codeigniter4/framework/system/BaseModel.php(1080): CodeIgniter\Model->doDelete()
#6 /home/xnullx/Programação/ProjetoIntegradorBackEnd/app/Controllers/Api/usuarios.php(68): CodeIgniter\BaseModel->delete()
#7 /home/xnullx/Programação/ProjetoIntegradorBackEnd/vendor/codeigniter4/framework/system/CodeIgniter.php(915): App\Controllers\Api\usuarios->delete()
#8 /home/xnullx/Programação/ProjetoIntegradorBackEnd/vendor/codeigniter4/framework/system/CodeIgniter.php(492): CodeIgniter\CodeIgniter->runController()
#9 /home/xnullx/Programação/ProjetoIntegradorBackEnd/vendor/codeigniter4/framework/system/CodeIgniter.php(353): CodeIgniter\CodeIgniter->handleRequest()
#10 /home/xnullx/Programação/ProjetoIntegradorBackEnd/public/index.php(79): CodeIgniter\CodeIgniter->run()
#11 /home/xnullx/Programação/ProjetoIntegradorBackEnd/vendor/codeigniter4/framework/system/Commands/Server/rewrite.php(47): require_once('...')
#12 {main}
CRITICAL - 2023-10-24 17:38:53 --> Cannot delete or update a parent row: a foreign key constraint fails (`test`.`Reserva`, CONSTRAINT `Reserva_ibfk_1` FOREIGN KEY (`Usuario_id`) REFERENCES `Usuario` (`id`))
in SYSTEMPATH/Database/BaseConnection.php on line 646.
 1 SYSTEMPATH/Database/BaseBuilder.php(2791): CodeIgniter\Database\BaseConnection->query()
 2 SYSTEMPATH/Model.php(445): CodeIgniter\Database\BaseBuilder->delete()
 3 SYSTEMPATH/BaseModel.php(1080): CodeIgniter\Model->doDelete()
 4 APPPATH/Controllers/Api/usuarios.php(68): CodeIgniter\BaseModel->delete()
 5 SYSTEMPATH/CodeIgniter.php(915): App\Controllers\Api\usuarios->delete()
 6 SYSTEMPATH/CodeIgniter.php(492): CodeIgniter\CodeIgniter->runController()
 7 SYSTEMPATH/CodeIgniter.php(353): CodeIgniter\CodeIgniter->handleRequest()
 8 FCPATH/index.php(79): CodeIgniter\CodeIgniter->run()
 9 SYSTEMPATH/Commands/Server/rewrite.php(47): require_once('/home/xnullx/Programação/ProjetoIntegradorBackEnd/public/index.php')
INFO - 2023-10-24 17:40:35 --> Session: Class initialized using 'CodeIgniter\Session\Handlers\FileHandler' driver.
INFO - 2023-10-24 17:41:20 --> Session: Class initialized using 'CodeIgniter\Session\Handlers\FileHandler' driver.
INFO - 2023-10-24 17:41:51 --> Session: Class initialized using 'CodeIgniter\Session\Handlers\FileHandler' driver.
INFO - 2023-10-24 17:44:01 --> Session: Class initialized using 'CodeIgniter\Session\Handlers\FileHandler' driver.
INFO - 2023-10-24 17:44:23 --> Session: Class initialized using 'CodeIgniter\Session\Handlers\FileHandler' driver.
INFO - 2023-10-24 17:44:35 --> Session: Class initialized using 'CodeIgniter\Session\Handlers\FileHandler' driver.
INFO - 2023-10-24 17:44:58 --> Session: Class initialized using 'CodeIgniter\Session\Handlers\FileHandler' driver.
INFO - 2023-10-24 17:45:04 --> Session: Class initialized using 'CodeIgniter\Session\Handlers\FileHandler' driver.
ERROR - 2023-10-24 17:45:05 --> mysqli_sql_exception: Cannot delete or update a parent row: a foreign key constraint fails (`test`.`Reserva`, CONSTRAINT `Reserva_ibfk_1` FOREIGN KEY (`Usuario_id`) REFERENCES `Usuario` (`id`)) in /home/xnullx/Programação/ProjetoIntegradorBackEnd/vendor/codeigniter4/framework/system/Database/MySQLi/Connection.php:306
Stack trace:
#0 /home/xnullx/Programação/ProjetoIntegradorBackEnd/vendor/codeigniter4/framework/system/Database/MySQLi/Connection.php(306): mysqli->query()
#1 /home/xnullx/Programação/ProjetoIntegradorBackEnd/vendor/codeigniter4/framework/system/Database/BaseConnection.php(692): CodeIgniter\Database\MySQLi\Connection->execute()
#2 /home/xnullx/Programação/ProjetoIntegradorBackEnd/vendor/codeigniter4/framework/system/Database/BaseConnection.php(606): CodeIgniter\Database\BaseConnection->simpleQuery()
#3 /home/xnullx/Programação/ProjetoIntegradorBackEnd/vendor/codeigniter4/framework/system/Database/BaseBuilder.php(2791): CodeIgniter\Database\BaseConnection->query()
#4 /home/xnullx/Programação/ProjetoIntegradorBackEnd/vendor/codeigniter4/framework/system/Model.php(445): CodeIgniter\Database\BaseBuilder->delete()
#5 /home/xnullx/Programação/ProjetoIntegradorBackEnd/vendor/codeigniter4/framework/system/BaseModel.php(1080): CodeIgniter\Model->doDelete()
#6 /home/xnullx/Programação/ProjetoIntegradorBackEnd/app/Controllers/Api/usuarios.php(68): CodeIgniter\BaseModel->delete()
#7 /home/xnullx/Programação/ProjetoIntegradorBackEnd/vendor/codeigniter4/framework/system/CodeIgniter.php(915): App\Controllers\Api\usuarios->delete()
#8 /home/xnullx/Programação/ProjetoIntegradorBackEnd/vendor/codeigniter4/framework/system/CodeIgniter.php(492): CodeIgniter\CodeIgniter->runController()
#9 /home/xnullx/Programação/ProjetoIntegradorBackEnd/vendor/codeigniter4/framework/system/CodeIgniter.php(353): CodeIgniter\CodeIgniter->handleRequest()
#10 /home/xnullx/Programação/ProjetoIntegradorBackEnd/public/index.php(79): CodeIgniter\CodeIgniter->run()
#11 /home/xnullx/Programação/ProjetoIntegradorBackEnd/vendor/codeigniter4/framework/system/Commands/Server/rewrite.php(47): require_once('...')
#12 {main}
CRITICAL - 2023-10-24 17:45:05 --> Cannot delete or update a parent row: a foreign key constraint fails (`test`.`Reserva`, CONSTRAINT `Reserva_ibfk_1` FOREIGN KEY (`Usuario_id`) REFERENCES `Usuario` (`id`))
in SYSTEMPATH/Database/BaseConnection.php on line 646.
 1 SYSTEMPATH/Database/BaseBuilder.php(2791): CodeIgniter\Database\BaseConnection->query()
 2 SYSTEMPATH/Model.php(445): CodeIgniter\Database\BaseBuilder->delete()
 3 SYSTEMPATH/BaseModel.php(1080): CodeIgniter\Model->doDelete()
 4 APPPATH/Controllers/Api/usuarios.php(68): CodeIgniter\BaseModel->delete()
 5 SYSTEMPATH/CodeIgniter.php(915): App\Controllers\Api\usuarios->delete()
 6 SYSTEMPATH/CodeIgniter.php(492): CodeIgniter\CodeIgniter->runController()
 7 SYSTEMPATH/CodeIgniter.php(353): CodeIgniter\CodeIgniter->handleRequest()
 8 FCPATH/index.php(79): CodeIgniter\CodeIgniter->run()
 9 SYSTEMPATH/Commands/Server/rewrite.php(47): require_once('/home/xnullx/Programação/ProjetoIntegradorBackEnd/public/index.php')
INFO - 2023-10-24 17:45:37 --> Session: Class initialized using 'CodeIgniter\Session\Handlers\FileHandler' driver.
ERROR - 2023-10-24 17:45:37 --> mysqli_sql_exception: Cannot delete or update a parent row: a foreign key constraint fails (`test`.`Reserva`, CONSTRAINT `Reserva_ibfk_1` FOREIGN KEY (`Usuario_id`) REFERENCES `Usuario` (`id`)) in /home/xnullx/Programação/ProjetoIntegradorBackEnd/vendor/codeigniter4/framework/system/Database/MySQLi/Connection.php:306
Stack trace:
#0 /home/xnullx/Programação/ProjetoIntegradorBackEnd/vendor/codeigniter4/framework/system/Database/MySQLi/Connection.php(306): mysqli->query()
#1 /home/xnullx/Programação/ProjetoIntegradorBackEnd/vendor/codeigniter4/framework/system/Database/BaseConnection.php(692): CodeIgniter\Database\MySQLi\Connection->execute()
#2 /home/xnullx/Programação/ProjetoIntegradorBackEnd/vendor/codeigniter4/framework/system/Database/BaseConnection.php(606): CodeIgniter\Database\BaseConnection->simpleQuery()
#3 /home/xnullx/Programação/ProjetoIntegradorBackEnd/vendor/codeigniter4/framework/system/Database/BaseBuilder.php(2791): CodeIgniter\Database\BaseConnection->query()
#4 /home/xnullx/Programação/ProjetoIntegradorBackEnd/vendor/codeigniter4/framework/system/Model.php(445): CodeIgniter\Database\BaseBuilder->delete()
#5 /home/xnullx/Programação/ProjetoIntegradorBackEnd/vendor/codeigniter4/framework/system/BaseModel.php(1080): CodeIgniter\Model->doDelete()
#6 /home/xnullx/Programação/ProjetoIntegradorBackEnd/app/Controllers/Api/usuarios.php(68): CodeIgniter\BaseModel->delete()
#7 /home/xnullx/Programação/ProjetoIntegradorBackEnd/vendor/codeigniter4/framework/system/CodeIgniter.php(915): App\Controllers\Api\usuarios->delete()
#8 /home/xnullx/Programação/ProjetoIntegradorBackEnd/vendor/codeigniter4/framework/system/CodeIgniter.php(492): CodeIgniter\CodeIgniter->runController()
#9 /home/xnullx/Programação/ProjetoIntegradorBackEnd/vendor/codeigniter4/framework/system/CodeIgniter.php(353): CodeIgniter\CodeIgniter->handleRequest()
#10 /home/xnullx/Programação/ProjetoIntegradorBackEnd/public/index.php(79): CodeIgniter\CodeIgniter->run()
#11 /home/xnullx/Programação/ProjetoIntegradorBackEnd/vendor/codeigniter4/framework/system/Commands/Server/rewrite.php(47): require_once('...')
#12 {main}
CRITICAL - 2023-10-24 17:45:37 --> Cannot delete or update a parent row: a foreign key constraint fails (`test`.`Reserva`, CONSTRAINT `Reserva_ibfk_1` FOREIGN KEY (`Usuario_id`) REFERENCES `Usuario` (`id`))
in SYSTEMPATH/Database/BaseConnection.php on line 646.
 1 SYSTEMPATH/Database/BaseBuilder.php(2791): CodeIgniter\Database\BaseConnection->query()
 2 SYSTEMPATH/Model.php(445): CodeIgniter\Database\BaseBuilder->delete()
 3 SYSTEMPATH/BaseModel.php(1080): CodeIgniter\Model->doDelete()
 4 APPPATH/Controllers/Api/usuarios.php(68): CodeIgniter\BaseModel->delete()
 5 SYSTEMPATH/CodeIgniter.php(915): App\Controllers\Api\usuarios->delete()
 6 SYSTEMPATH/CodeIgniter.php(492): CodeIgniter\CodeIgniter->runController()
 7 SYSTEMPATH/CodeIgniter.php(353): CodeIgniter\CodeIgniter->handleRequest()
 8 FCPATH/index.php(79): CodeIgniter\CodeIgniter->run()
 9 SYSTEMPATH/Commands/Server/rewrite.php(47): require_once('/home/xnullx/Programação/ProjetoIntegradorBackEnd/public/index.php')
INFO - 2023-10-24 17:46:47 --> Session: Class initialized using 'CodeIgniter\Session\Handlers\FileHandler' driver.
INFO - 2023-10-24 17:48:08 --> Session: Class initialized using 'CodeIgniter\Session\Handlers\FileHandler' driver.
INFO - 2023-10-24 17:48:14 --> Session: Class initialized using 'CodeIgniter\Session\Handlers\FileHandler' driver.
ERROR - 2023-10-24 17:48:14 --> mysqli_sql_exception: Cannot delete or update a parent row: a foreign key constraint fails (`test`.`Reserva`, CONSTRAINT `Reserva_ibfk_1` FOREIGN KEY (`Usuario_id`) REFERENCES `Usuario` (`id`)) in /home/xnullx/Programação/ProjetoIntegradorBackEnd/vendor/codeigniter4/framework/system/Database/MySQLi/Connection.php:306
Stack trace:
#0 /home/xnullx/Programação/ProjetoIntegradorBackEnd/vendor/codeigniter4/framework/system/Database/MySQLi/Connection.php(306): mysqli->query()
#1 /home/xnullx/Programação/ProjetoIntegradorBackEnd/vendor/codeigniter4/framework/system/Database/BaseConnection.php(692): CodeIgniter\Database\MySQLi\Connection->execute()
#2 /home/xnullx/Programação/ProjetoIntegradorBackEnd/vendor/codeigniter4/framework/system/Database/BaseConnection.php(606): CodeIgniter\Database\BaseConnection->simpleQuery()
#3 /home/xnullx/Programação/ProjetoIntegradorBackEnd/vendor/codeigniter4/framework/system/Database/BaseBuilder.php(2791): CodeIgniter\Database\BaseConnection->query()
#4 /home/xnullx/Programação/ProjetoIntegradorBackEnd/vendor/codeigniter4/framework/system/Model.php(445): CodeIgniter\Database\BaseBuilder->delete()
#5 /home/xnullx/Programação/ProjetoIntegradorBackEnd/vendor/codeigniter4/framework/system/BaseModel.php(1080): CodeIgniter\Model->doDelete()
#6 /home/xnullx/Programação/ProjetoIntegradorBackEnd/app/Controllers/Api/usuarios.php(68): CodeIgniter\BaseModel->delete()
#7 /home/xnullx/Programação/ProjetoIntegradorBackEnd/vendor/codeigniter4/framework/system/CodeIgniter.php(915): App\Controllers\Api\usuarios->delete()
#8 /home/xnullx/Programação/ProjetoIntegradorBackEnd/vendor/codeigniter4/framework/system/CodeIgniter.php(492): CodeIgniter\CodeIgniter->runController()
#9 /home/xnullx/Programação/ProjetoIntegradorBackEnd/vendor/codeigniter4/framework/system/CodeIgniter.php(353): CodeIgniter\CodeIgniter->handleRequest()
#10 /home/xnullx/Programação/ProjetoIntegradorBackEnd/public/index.php(79): CodeIgniter\CodeIgniter->run()
#11 /home/xnullx/Programação/ProjetoIntegradorBackEnd/vendor/codeigniter4/framework/system/Commands/Server/rewrite.php(47): require_once('...')
#12 {main}
CRITICAL - 2023-10-24 17:48:14 --> Cannot delete or update a parent row: a foreign key constraint fails (`test`.`Reserva`, CONSTRAINT `Reserva_ibfk_1` FOREIGN KEY (`Usuario_id`) REFERENCES `Usuario` (`id`))
in SYSTEMPATH/Database/BaseConnection.php on line 646.
 1 SYSTEMPATH/Database/BaseBuilder.php(2791): CodeIgniter\Database\BaseConnection->query()
 2 SYSTEMPATH/Model.php(445): CodeIgniter\Database\BaseBuilder->delete()
 3 SYSTEMPATH/BaseModel.php(1080): CodeIgniter\Model->doDelete()
 4 APPPATH/Controllers/Api/usuarios.php(68): CodeIgniter\BaseModel->delete()
 5 SYSTEMPATH/CodeIgniter.php(915): App\Controllers\Api\usuarios->delete()
 6 SYSTEMPATH/CodeIgniter.php(492): CodeIgniter\CodeIgniter->runController()
 7 SYSTEMPATH/CodeIgniter.php(353): CodeIgniter\CodeIgniter->handleRequest()
 8 FCPATH/index.php(79): CodeIgniter\CodeIgniter->run()
 9 SYSTEMPATH/Commands/Server/rewrite.php(47): require_once('/home/xnullx/Programação/ProjetoIntegradorBackEnd/public/index.php')
INFO - 2023-10-24 17:49:35 --> Session: Class initialized using 'CodeIgniter\Session\Handlers\FileHandler' driver.
INFO - 2023-10-24 17:49:39 --> Session: Class initialized using 'CodeIgniter\Session\Handlers\FileHandler' driver.
ERROR - 2023-10-24 17:49:40 --> mysqli_sql_exception: Cannot delete or update a parent row: a foreign key constraint fails (`test`.`Reserva`, CONSTRAINT `Reserva_ibfk_1` FOREIGN KEY (`Usuario_id`) REFERENCES `Usuario` (`id`)) in /home/xnullx/Programação/ProjetoIntegradorBackEnd/vendor/codeigniter4/framework/system/Database/MySQLi/Connection.php:306
Stack trace:
#0 /home/xnullx/Programação/ProjetoIntegradorBackEnd/vendor/codeigniter4/framework/system/Database/MySQLi/Connection.php(306): mysqli->query()
#1 /home/xnullx/Programação/ProjetoIntegradorBackEnd/vendor/codeigniter4/framework/system/Database/BaseConnection.php(692): CodeIgniter\Database\MySQLi\Connection->execute()
#2 /home/xnullx/Programação/ProjetoIntegradorBackEnd/vendor/codeigniter4/framework/system/Database/BaseConnection.php(606): CodeIgniter\Database\BaseConnection->simpleQuery()
#3 /home/xnullx/Programação/ProjetoIntegradorBackEnd/vendor/codeigniter4/framework/system/Database/BaseBuilder.php(2791): CodeIgniter\Database\BaseConnection->query()
#4 /home/xnullx/Programação/ProjetoIntegradorBackEnd/vendor/codeigniter4/framework/system/Model.php(445): CodeIgniter\Database\BaseBuilder->delete()
#5 /home/xnullx/Programação/ProjetoIntegradorBackEnd/vendor/codeigniter4/framework/system/BaseModel.php(1080): CodeIgniter\Model->doDelete()
#6 /home/xnullx/Programação/ProjetoIntegradorBackEnd/app/Controllers/Api/usuarios.php(68): CodeIgniter\BaseModel->delete()
#7 /home/xnullx/Programação/ProjetoIntegradorBackEnd/vendor/codeigniter4/framework/system/CodeIgniter.php(915): App\Controllers\Api\usuarios->delete()
#8 /home/xnullx/Programação/ProjetoIntegradorBackEnd/vendor/codeigniter4/framework/system/CodeIgniter.php(492): CodeIgniter\CodeIgniter->runController()
#9 /home/xnullx/Programação/ProjetoIntegradorBackEnd/vendor/codeigniter4/framework/system/CodeIgniter.php(353): CodeIgniter\CodeIgniter->handleRequest()
#10 /home/xnullx/Programação/ProjetoIntegradorBackEnd/public/index.php(79): CodeIgniter\CodeIgniter->run()
#11 /home/xnullx/Programação/ProjetoIntegradorBackEnd/vendor/codeigniter4/framework/system/Commands/Server/rewrite.php(47): require_once('...')
#12 {main}
CRITICAL - 2023-10-24 17:49:40 --> Cannot delete or update a parent row: a foreign key constraint fails (`test`.`Reserva`, CONSTRAINT `Reserva_ibfk_1` FOREIGN KEY (`Usuario_id`) REFERENCES `Usuario` (`id`))
in SYSTEMPATH/Database/BaseConnection.php on line 646.
 1 SYSTEMPATH/Database/BaseBuilder.php(2791): CodeIgniter\Database\BaseConnection->query()
 2 SYSTEMPATH/Model.php(445): CodeIgniter\Database\BaseBuilder->delete()
 3 SYSTEMPATH/BaseModel.php(1080): CodeIgniter\Model->doDelete()
 4 APPPATH/Controllers/Api/usuarios.php(68): CodeIgniter\BaseModel->delete()
 5 SYSTEMPATH/CodeIgniter.php(915): App\Controllers\Api\usuarios->delete()
 6 SYSTEMPATH/CodeIgniter.php(492): CodeIgniter\CodeIgniter->runController()
 7 SYSTEMPATH/CodeIgniter.php(353): CodeIgniter\CodeIgniter->handleRequest()
 8 FCPATH/index.php(79): CodeIgniter\CodeIgniter->run()
 9 SYSTEMPATH/Commands/Server/rewrite.php(47): require_once('/home/xnullx/Programação/ProjetoIntegradorBackEnd/public/index.php')
INFO - 2023-10-24 17:50:20 --> Session: Class initialized using 'CodeIgniter\Session\Handlers\FileHandler' driver.
INFO - 2023-10-24 17:50:23 --> Session: Class initialized using 'CodeIgniter\Session\Handlers\FileHandler' driver.
ERROR - 2023-10-24 17:50:24 --> mysqli_sql_exception: Cannot delete or update a parent row: a foreign key constraint fails (`test`.`Reserva`, CONSTRAINT `Reserva_ibfk_1` FOREIGN KEY (`Usuario_id`) REFERENCES `Usuario` (`id`)) in /home/xnullx/Programação/ProjetoIntegradorBackEnd/vendor/codeigniter4/framework/system/Database/MySQLi/Connection.php:306
Stack trace:
#0 /home/xnullx/Programação/ProjetoIntegradorBackEnd/vendor/codeigniter4/framework/system/Database/MySQLi/Connection.php(306): mysqli->query()
#1 /home/xnullx/Programação/ProjetoIntegradorBackEnd/vendor/codeigniter4/framework/system/Database/BaseConnection.php(692): CodeIgniter\Database\MySQLi\Connection->execute()
#2 /home/xnullx/Programação/ProjetoIntegradorBackEnd/vendor/codeigniter4/framework/system/Database/BaseConnection.php(606): CodeIgniter\Database\BaseConnection->simpleQuery()
#3 /home/xnullx/Programação/ProjetoIntegradorBackEnd/vendor/codeigniter4/framework/system/Database/BaseBuilder.php(2791): CodeIgniter\Database\BaseConnection->query()
#4 /home/xnullx/Programação/ProjetoIntegradorBackEnd/vendor/codeigniter4/framework/system/Model.php(445): CodeIgniter\Database\BaseBuilder->delete()
#5 /home/xnullx/Programação/ProjetoIntegradorBackEnd/vendor/codeigniter4/framework/system/BaseModel.php(1080): CodeIgniter\Model->doDelete()
#6 /home/xnullx/Programação/ProjetoIntegradorBackEnd/app/Controllers/Api/usuarios.php(68): CodeIgniter\BaseModel->delete()
#7 /home/xnullx/Programação/ProjetoIntegradorBackEnd/vendor/codeigniter4/framework/system/CodeIgniter.php(915): App\Controllers\Api\usuarios->delete()
#8 /home/xnullx/Programação/ProjetoIntegradorBackEnd/vendor/codeigniter4/framework/system/CodeIgniter.php(492): CodeIgniter\CodeIgniter->runController()
#9 /home/xnullx/Programação/ProjetoIntegradorBackEnd/vendor/codeigniter4/framework/system/CodeIgniter.php(353): CodeIgniter\CodeIgniter->handleRequest()
#10 /home/xnullx/Programação/ProjetoIntegradorBackEnd/public/index.php(79): CodeIgniter\CodeIgniter->run()
#11 /home/xnullx/Programação/ProjetoIntegradorBackEnd/vendor/codeigniter4/framework/system/Commands/Server/rewrite.php(47): require_once('...')
#12 {main}
CRITICAL - 2023-10-24 17:50:24 --> Cannot delete or update a parent row: a foreign key constraint fails (`test`.`Reserva`, CONSTRAINT `Reserva_ibfk_1` FOREIGN KEY (`Usuario_id`) REFERENCES `Usuario` (`id`))
in SYSTEMPATH/Database/BaseConnection.php on line 646.
 1 SYSTEMPATH/Database/BaseBuilder.php(2791): CodeIgniter\Database\BaseConnection->query()
 2 SYSTEMPATH/Model.php(445): CodeIgniter\Database\BaseBuilder->delete()
 3 SYSTEMPATH/BaseModel.php(1080): CodeIgniter\Model->doDelete()
 4 APPPATH/Controllers/Api/usuarios.php(68): CodeIgniter\BaseModel->delete()
 5 SYSTEMPATH/CodeIgniter.php(915): App\Controllers\Api\usuarios->delete()
 6 SYSTEMPATH/CodeIgniter.php(492): CodeIgniter\CodeIgniter->runController()
 7 SYSTEMPATH/CodeIgniter.php(353): CodeIgniter\CodeIgniter->handleRequest()
 8 FCPATH/index.php(79): CodeIgniter\CodeIgniter->run()
 9 SYSTEMPATH/Commands/Server/rewrite.php(47): require_once('/home/xnullx/Programação/ProjetoIntegradorBackEnd/public/index.php')
INFO - 2023-10-24 17:50:26 --> Session: Class initialized using 'CodeIgniter\Session\Handlers\FileHandler' driver.
ERROR - 2023-10-24 17:50:26 --> mysqli_sql_exception: Cannot delete or update a parent row: a foreign key constraint fails (`test`.`Reserva`, CONSTRAINT `Reserva_ibfk_1` FOREIGN KEY (`Usuario_id`) REFERENCES `Usuario` (`id`)) in /home/xnullx/Programação/ProjetoIntegradorBackEnd/vendor/codeigniter4/framework/system/Database/MySQLi/Connection.php:306
Stack trace:
#0 /home/xnullx/Programação/ProjetoIntegradorBackEnd/vendor/codeigniter4/framework/system/Database/MySQLi/Connection.php(306): mysqli->query()
#1 /home/xnullx/Programação/ProjetoIntegradorBackEnd/vendor/codeigniter4/framework/system/Database/BaseConnection.php(692): CodeIgniter\Database\MySQLi\Connection->execute()
#2 /home/xnullx/Programação/ProjetoIntegradorBackEnd/vendor/codeigniter4/framework/system/Database/BaseConnection.php(606): CodeIgniter\Database\BaseConnection->simpleQuery()
#3 /home/xnullx/Programação/ProjetoIntegradorBackEnd/vendor/codeigniter4/framework/system/Database/BaseBuilder.php(2791): CodeIgniter\Database\BaseConnection->query()
#4 /home/xnullx/Programação/ProjetoIntegradorBackEnd/vendor/codeigniter4/framework/system/Model.php(445): CodeIgniter\Database\BaseBuilder->delete()
#5 /home/xnullx/Programação/ProjetoIntegradorBackEnd/vendor/codeigniter4/framework/system/BaseModel.php(1080): CodeIgniter\Model->doDelete()
#6 /home/xnullx/Programação/ProjetoIntegradorBackEnd/app/Controllers/Api/usuarios.php(68): CodeIgniter\BaseModel->delete()
#7 /home/xnullx/Programação/ProjetoIntegradorBackEnd/vendor/codeigniter4/framework/system/CodeIgniter.php(915): App\Controllers\Api\usuarios->delete()
#8 /home/xnullx/Programação/ProjetoIntegradorBackEnd/vendor/codeigniter4/framework/system/CodeIgniter.php(492): CodeIgniter\CodeIgniter->runController()
#9 /home/xnullx/Programação/ProjetoIntegradorBackEnd/vendor/codeigniter4/framework/system/CodeIgniter.php(353): CodeIgniter\CodeIgniter->handleRequest()
#10 /home/xnullx/Programação/ProjetoIntegradorBackEnd/public/index.php(79): CodeIgniter\CodeIgniter->run()
#11 /home/xnullx/Programação/ProjetoIntegradorBackEnd/vendor/codeigniter4/framework/system/Commands/Server/rewrite.php(47): require_once('...')
#12 {main}
CRITICAL - 2023-10-24 17:50:26 --> Cannot delete or update a parent row: a foreign key constraint fails (`test`.`Reserva`, CONSTRAINT `Reserva_ibfk_1` FOREIGN KEY (`Usuario_id`) REFERENCES `Usuario` (`id`))
in SYSTEMPATH/Database/BaseConnection.php on line 646.
 1 SYSTEMPATH/Database/BaseBuilder.php(2791): CodeIgniter\Database\BaseConnection->query()
 2 SYSTEMPATH/Model.php(445): CodeIgniter\Database\BaseBuilder->delete()
 3 SYSTEMPATH/BaseModel.php(1080): CodeIgniter\Model->doDelete()
 4 APPPATH/Controllers/Api/usuarios.php(68): CodeIgniter\BaseModel->delete()
 5 SYSTEMPATH/CodeIgniter.php(915): App\Controllers\Api\usuarios->delete()
 6 SYSTEMPATH/CodeIgniter.php(492): CodeIgniter\CodeIgniter->runController()
 7 SYSTEMPATH/CodeIgniter.php(353): CodeIgniter\CodeIgniter->handleRequest()
 8 FCPATH/index.php(79): CodeIgniter\CodeIgniter->run()
 9 SYSTEMPATH/Commands/Server/rewrite.php(47): require_once('/home/xnullx/Programação/ProjetoIntegradorBackEnd/public/index.php')
INFO - 2023-10-24 17:50:31 --> Session: Class initialized using 'CodeIgniter\Session\Handlers\FileHandler' driver.
ERROR - 2023-10-24 17:50:31 --> mysqli_sql_exception: Cannot delete or update a parent row: a foreign key constraint fails (`test`.`Reserva`, CONSTRAINT `Reserva_ibfk_1` FOREIGN KEY (`Usuario_id`) REFERENCES `Usuario` (`id`)) in /home/xnullx/Programação/ProjetoIntegradorBackEnd/vendor/codeigniter4/framework/system/Database/MySQLi/Connection.php:306
Stack trace:
#0 /home/xnullx/Programação/ProjetoIntegradorBackEnd/vendor/codeigniter4/framework/system/Database/MySQLi/Connection.php(306): mysqli->query()
#1 /home/xnullx/Programação/ProjetoIntegradorBackEnd/vendor/codeigniter4/framework/system/Database/BaseConnection.php(692): CodeIgniter\Database\MySQLi\Connection->execute()
#2 /home/xnullx/Programação/ProjetoIntegradorBackEnd/vendor/codeigniter4/framework/system/Database/BaseConnection.php(606): CodeIgniter\Database\BaseConnection->simpleQuery()
#3 /home/xnullx/Programação/ProjetoIntegradorBackEnd/vendor/codeigniter4/framework/system/Database/BaseBuilder.php(2791): CodeIgniter\Database\BaseConnection->query()
#4 /home/xnullx/Programação/ProjetoIntegradorBackEnd/vendor/codeigniter4/framework/system/Model.php(445): CodeIgniter\Database\BaseBuilder->delete()
#5 /home/xnullx/Programação/ProjetoIntegradorBackEnd/vendor/codeigniter4/framework/system/BaseModel.php(1080): CodeIgniter\Model->doDelete()
#6 /home/xnullx/Programação/ProjetoIntegradorBackEnd/app/Controllers/Api/usuarios.php(68): CodeIgniter\BaseModel->delete()
#7 /home/xnullx/Programação/ProjetoIntegradorBackEnd/vendor/codeigniter4/framework/system/CodeIgniter.php(915): App\Controllers\Api\usuarios->delete()
#8 /home/xnullx/Programação/ProjetoIntegradorBackEnd/vendor/codeigniter4/framework/system/CodeIgniter.php(492): CodeIgniter\CodeIgniter->runController()
#9 /home/xnullx/Programação/ProjetoIntegradorBackEnd/vendor/codeigniter4/framework/system/CodeIgniter.php(353): CodeIgniter\CodeIgniter->handleRequest()
#10 /home/xnullx/Programação/ProjetoIntegradorBackEnd/public/index.php(79): CodeIgniter\CodeIgniter->run()
#11 /home/xnullx/Programação/ProjetoIntegradorBackEnd/vendor/codeigniter4/framework/system/Commands/Server/rewrite.php(47): require_once('...')
#12 {main}
CRITICAL - 2023-10-24 17:50:31 --> Cannot delete or update a parent row: a foreign key constraint fails (`test`.`Reserva`, CONSTRAINT `Reserva_ibfk_1` FOREIGN KEY (`Usuario_id`) REFERENCES `Usuario` (`id`))
in SYSTEMPATH/Database/BaseConnection.php on line 646.
 1 SYSTEMPATH/Database/BaseBuilder.php(2791): CodeIgniter\Database\BaseConnection->query()
 2 SYSTEMPATH/Model.php(445): CodeIgniter\Database\BaseBuilder->delete()
 3 SYSTEMPATH/BaseModel.php(1080): CodeIgniter\Model->doDelete()
 4 APPPATH/Controllers/Api/usuarios.php(68): CodeIgniter\BaseModel->delete()
 5 SYSTEMPATH/CodeIgniter.php(915): App\Controllers\Api\usuarios->delete()
 6 SYSTEMPATH/CodeIgniter.php(492): CodeIgniter\CodeIgniter->runController()
 7 SYSTEMPATH/CodeIgniter.php(353): CodeIgniter\CodeIgniter->handleRequest()
 8 FCPATH/index.php(79): CodeIgniter\CodeIgniter->run()
 9 SYSTEMPATH/Commands/Server/rewrite.php(47): require_once('/home/xnullx/Programação/ProjetoIntegradorBackEnd/public/index.php')
INFO - 2023-10-24 17:51:05 --> Session: Class initialized using 'CodeIgniter\Session\Handlers\FileHandler' driver.
INFO - 2023-10-24 17:51:10 --> Session: Class initialized using 'CodeIgniter\Session\Handlers\FileHandler' driver.
ERROR - 2023-10-24 17:51:10 --> mysqli_sql_exception: Cannot delete or update a parent row: a foreign key constraint fails (`test`.`Reserva`, CONSTRAINT `Reserva_ibfk_1` FOREIGN KEY (`Usuario_id`) REFERENCES `Usuario` (`id`)) in /home/xnullx/Programação/ProjetoIntegradorBackEnd/vendor/codeigniter4/framework/system/Database/MySQLi/Connection.php:306
Stack trace:
#0 /home/xnullx/Programação/ProjetoIntegradorBackEnd/vendor/codeigniter4/framework/system/Database/MySQLi/Connection.php(306): mysqli->query()
#1 /home/xnullx/Programação/ProjetoIntegradorBackEnd/vendor/codeigniter4/framework/system/Database/BaseConnection.php(692): CodeIgniter\Database\MySQLi\Connection->execute()
#2 /home/xnullx/Programação/ProjetoIntegradorBackEnd/vendor/codeigniter4/framework/system/Database/BaseConnection.php(606): CodeIgniter\Database\BaseConnection->simpleQuery()
#3 /home/xnullx/Programação/ProjetoIntegradorBackEnd/vendor/codeigniter4/framework/system/Database/BaseBuilder.php(2791): CodeIgniter\Database\BaseConnection->query()
#4 /home/xnullx/Programação/ProjetoIntegradorBackEnd/vendor/codeigniter4/framework/system/Model.php(445): CodeIgniter\Database\BaseBuilder->delete()
#5 /home/xnullx/Programação/ProjetoIntegradorBackEnd/vendor/codeigniter4/framework/system/BaseModel.php(1080): CodeIgniter\Model->doDelete()
#6 /home/xnullx/Programação/ProjetoIntegradorBackEnd/app/Controllers/Api/usuarios.php(68): CodeIgniter\BaseModel->delete()
#7 /home/xnullx/Programação/ProjetoIntegradorBackEnd/vendor/codeigniter4/framework/system/CodeIgniter.php(915): App\Controllers\Api\usuarios->delete()
#8 /home/xnullx/Programação/ProjetoIntegradorBackEnd/vendor/codeigniter4/framework/system/CodeIgniter.php(492): CodeIgniter\CodeIgniter->runController()
#9 /home/xnullx/Programação/ProjetoIntegradorBackEnd/vendor/codeigniter4/framework/system/CodeIgniter.php(353): CodeIgniter\CodeIgniter->handleRequest()
#10 /home/xnullx/Programação/ProjetoIntegradorBackEnd/public/index.php(79): CodeIgniter\CodeIgniter->run()
#11 /home/xnullx/Programação/ProjetoIntegradorBackEnd/vendor/codeigniter4/framework/system/Commands/Server/rewrite.php(47): require_once('...')
#12 {main}
CRITICAL - 2023-10-24 17:51:10 --> Cannot delete or update a parent row: a foreign key constraint fails (`test`.`Reserva`, CONSTRAINT `Reserva_ibfk_1` FOREIGN KEY (`Usuario_id`) REFERENCES `Usuario` (`id`))
in SYSTEMPATH/Database/BaseConnection.php on line 646.
 1 SYSTEMPATH/Database/BaseBuilder.php(2791): CodeIgniter\Database\BaseConnection->query()
 2 SYSTEMPATH/Model.php(445): CodeIgniter\Database\BaseBuilder->delete()
 3 SYSTEMPATH/BaseModel.php(1080): CodeIgniter\Model->doDelete()
 4 APPPATH/Controllers/Api/usuarios.php(68): CodeIgniter\BaseModel->delete()
 5 SYSTEMPATH/CodeIgniter.php(915): App\Controllers\Api\usuarios->delete()
 6 SYSTEMPATH/CodeIgniter.php(492): CodeIgniter\CodeIgniter->runController()
 7 SYSTEMPATH/CodeIgniter.php(353): CodeIgniter\CodeIgniter->handleRequest()
 8 FCPATH/index.php(79): CodeIgniter\CodeIgniter->run()
 9 SYSTEMPATH/Commands/Server/rewrite.php(47): require_once('/home/xnullx/Programação/ProjetoIntegradorBackEnd/public/index.php')
INFO - 2023-10-24 17:52:43 --> Session: Class initialized using 'CodeIgniter\Session\Handlers\FileHandler' driver.
INFO - 2023-10-24 17:52:47 --> Session: Class initialized using 'CodeIgniter\Session\Handlers\FileHandler' driver.
CRITICAL - 2023-10-24 17:52:47 --> Undefined variable $reservaModel
in APPPATH/Controllers/Api/usuarios.php on line 67.
 1 APPPATH/Controllers/Api/usuarios.php(67): CodeIgniter\Debug\Exceptions->errorHandler()
 2 SYSTEMPATH/CodeIgniter.php(915): App\Controllers\Api\usuarios->delete()
 3 SYSTEMPATH/CodeIgniter.php(492): CodeIgniter\CodeIgniter->runController()
 4 SYSTEMPATH/CodeIgniter.php(353): CodeIgniter\CodeIgniter->handleRequest()
 5 FCPATH/index.php(79): CodeIgniter\CodeIgniter->run()
 6 SYSTEMPATH/Commands/Server/rewrite.php(47): require_once('/home/xnullx/Programação/ProjetoIntegradorBackEnd/public/index.php')
INFO - 2023-10-24 17:53:03 --> Session: Class initialized using 'CodeIgniter\Session\Handlers\FileHandler' driver.
CRITICAL - 2023-10-24 17:53:03 --> Undefined variable $reservaModel
in APPPATH/Controllers/Api/usuarios.php on line 67.
 1 APPPATH/Controllers/Api/usuarios.php(67): CodeIgniter\Debug\Exceptions->errorHandler()
 2 SYSTEMPATH/CodeIgniter.php(915): App\Controllers\Api\usuarios->delete()
 3 SYSTEMPATH/CodeIgniter.php(492): CodeIgniter\CodeIgniter->runController()
 4 SYSTEMPATH/CodeIgniter.php(353): CodeIgniter\CodeIgniter->handleRequest()
 5 FCPATH/index.php(79): CodeIgniter\CodeIgniter->run()
 6 SYSTEMPATH/Commands/Server/rewrite.php(47): require_once('/home/xnullx/Programação/ProjetoIntegradorBackEnd/public/index.php')
INFO - 2023-10-24 17:53:52 --> Session: Class initialized using 'CodeIgniter\Session\Handlers\FileHandler' driver.
INFO - 2023-10-24 17:54:05 --> Session: Class initialized using 'CodeIgniter\Session\Handlers\FileHandler' driver.
INFO - 2023-10-24 18:15:30 --> Session: Class initialized using 'CodeIgniter\Session\Handlers\FileHandler' driver.
INFO - 2023-10-24 18:15:31 --> Session: Class initialized using 'CodeIgniter\Session\Handlers\FileHandler' driver.
CRITICAL - 2023-10-24 18:15:31 --> Undefined variable $METHOD
in APPPATH/Views/cantina/inicio.php on line 12.
 1 APPPATH/Views/cantina/inicio.php(12): CodeIgniter\Debug\Exceptions->errorHandler()
 2 SYSTEMPATH/View/View.php(226): include('/home/xnullx/Programação/ProjetoIntegradorBackEnd/app/Views/cantina/inicio.php')
 3 SYSTEMPATH/View/View.php(229): CodeIgniter\View\View->CodeIgniter\View\{closure}()
 4 SYSTEMPATH/Common.php(1178): CodeIgniter\View\View->render()
 5 APPPATH/Controllers/CantinaController.php(15): view()
 6 SYSTEMPATH/CodeIgniter.php(915): App\Controllers\CantinaController->index()
 7 SYSTEMPATH/CodeIgniter.php(492): CodeIgniter\CodeIgniter->runController()
 8 SYSTEMPATH/CodeIgniter.php(353): CodeIgniter\CodeIgniter->handleRequest()
 9 FCPATH/index.php(79): CodeIgniter\CodeIgniter->run()
10 SYSTEMPATH/Commands/Server/rewrite.php(47): require_once('/home/xnullx/Programação/ProjetoIntegradorBackEnd/public/index.php')
INFO - 2023-10-24 18:17:11 --> Session: Class initialized using 'CodeIgniter\Session\Handlers\FileHandler' driver.
INFO - 2023-10-24 18:17:20 --> Session: Class initialized using 'CodeIgniter\Session\Handlers\FileHandler' driver.
INFO - 2023-10-24 18:17:24 --> Session: Class initialized using 'CodeIgniter\Session\Handlers\FileHandler' driver.
INFO - 2023-10-24 18:17:24 --> Session: Class initialized using 'CodeIgniter\Session\Handlers\FileHandler' driver.
INFO - 2023-10-24 18:17:26 --> Session: Class initialized using 'CodeIgniter\Session\Handlers\FileHandler' driver.
INFO - 2023-10-24 18:17:29 --> Session: Class initialized using 'CodeIgniter\Session\Handlers\FileHandler' driver.
INFO - 2023-10-24 18:17:31 --> Session: Class initialized using 'CodeIgniter\Session\Handlers\FileHandler' driver.
INFO - 2023-10-24 18:17:38 --> Session: Class initialized using 'CodeIgniter\Session\Handlers\FileHandler' driver.
INFO - 2023-10-24 18:17:43 --> Session: Class initialized using 'CodeIgniter\Session\Handlers\FileHandler' driver.
INFO - 2023-10-24 18:17:44 --> Session: Class initialized using 'CodeIgniter\Session\Handlers\FileHandler' driver.
INFO - 2023-10-24 18:17:47 --> Session: Class initialized using 'CodeIgniter\Session\Handlers\FileHandler' driver.
INFO - 2023-10-24 18:17:48 --> Session: Class initialized using 'CodeIgniter\Session\Handlers\FileHandler' driver.
INFO - 2023-10-24 18:17:51 --> Session: Class initialized using 'CodeIgniter\Session\Handlers\FileHandler' driver.
INFO - 2023-10-24 18:18:26 --> Session: Class initialized using 'CodeIgniter\Session\Handlers\FileHandler' driver.
INFO - 2023-10-24 18:18:27 --> Session: Class initialized using 'CodeIgniter\Session\Handlers\FileHandler' driver.
INFO - 2023-10-24 18:18:39 --> Session: Class initialized using 'CodeIgniter\Session\Handlers\FileHandler' driver.
INFO - 2023-10-24 18:18:40 --> Session: Class initialized using 'CodeIgniter\Session\Handlers\FileHandler' driver.
INFO - 2023-10-24 18:18:45 --> Session: Class initialized using 'CodeIgniter\Session\Handlers\FileHandler' driver.
INFO - 2023-10-24 18:19:01 --> Session: Class initialized using 'CodeIgniter\Session\Handlers\FileHandler' driver.
INFO - 2023-10-24 18:19:07 --> Session: Class initialized using 'CodeIgniter\Session\Handlers\FileHandler' driver.
INFO - 2023-10-24 18:19:12 --> Session: Class initialized using 'CodeIgniter\Session\Handlers\FileHandler' driver.
INFO - 2023-10-24 18:19:20 --> Session: Class initialized using 'CodeIgniter\Session\Handlers\FileHandler' driver.
INFO - 2023-10-24 18:19:24 --> Session: Class initialized using 'CodeIgniter\Session\Handlers\FileHandler' driver.
INFO - 2023-10-24 18:19:30 --> Session: Class initialized using 'CodeIgniter\Session\Handlers\FileHandler' driver.
INFO - 2023-10-24 18:19:32 --> Session: Class initialized using 'CodeIgniter\Session\Handlers\FileHandler' driver.
INFO - 2023-10-24 18:19:35 --> Session: Class initialized using 'CodeIgniter\Session\Handlers\FileHandler' driver.
INFO - 2023-10-24 18:19:41 --> Session: Class initialized using 'CodeIgniter\Session\Handlers\FileHandler' driver.
INFO - 2023-10-24 18:19:44 --> Session: Class initialized using 'CodeIgniter\Session\Handlers\FileHandler' driver.
INFO - 2023-10-24 18:20:29 --> Session: Class initialized using 'CodeIgniter\Session\Handlers\FileHandler' driver.
INFO - 2023-10-24 18:24:53 --> Session: Class initialized using 'CodeIgniter\Session\Handlers\FileHandler' driver.
INFO - 2023-10-24 18:25:26 --> Session: Class initialized using 'CodeIgniter\Session\Handlers\FileHandler' driver.
INFO - 2023-10-24 18:25:35 --> Session: Class initialized using 'CodeIgniter\Session\Handlers\FileHandler' driver.
INFO - 2023-10-24 18:25:39 --> Session: Class initialized using 'CodeIgniter\Session\Handlers\FileHandler' driver.
CRITICAL - 2023-10-24 18:25:39 --> Invalid file: "aluno/menu.php"
in SYSTEMPATH/Exceptions/FrameworkException.php on line 39.
 1 SYSTEMPATH/View/View.php(214): CodeIgniter\Exceptions\FrameworkException::forInvalidFile()
 2 SYSTEMPATH/Common.php(1178): CodeIgniter\View\View->render()
 3 APPPATH/Controllers/AlunoController.php(49): view()
 4 SYSTEMPATH/CodeIgniter.php(915): App\Controllers\AlunoController->cardapio()
 5 SYSTEMPATH/CodeIgniter.php(492): CodeIgniter\CodeIgniter->runController()
 6 SYSTEMPATH/CodeIgniter.php(353): CodeIgniter\CodeIgniter->handleRequest()
 7 FCPATH/index.php(79): CodeIgniter\CodeIgniter->run()
 8 SYSTEMPATH/Commands/Server/rewrite.php(47): require_once('/home/xnullx/Programação/ProjetoIntegradorBackEnd/public/index.php')
INFO - 2023-10-24 18:25:58 --> Session: Class initialized using 'CodeIgniter\Session\Handlers\FileHandler' driver.
INFO - 2023-10-24 18:26:04 --> Session: Class initialized using 'CodeIgniter\Session\Handlers\FileHandler' driver.
INFO - 2023-10-24 18:26:37 --> Session: Class initialized using 'CodeIgniter\Session\Handlers\FileHandler' driver.
INFO - 2023-10-24 18:26:37 --> Session: Class initialized using 'CodeIgniter\Session\Handlers\FileHandler' driver.
INFO - 2023-10-24 18:26:47 --> Session: Class initialized using 'CodeIgniter\Session\Handlers\FileHandler' driver.
INFO - 2023-10-24 18:26:47 --> Session: Class initialized using 'CodeIgniter\Session\Handlers\FileHandler' driver.
INFO - 2023-10-24 18:26:58 --> Session: Class initialized using 'CodeIgniter\Session\Handlers\FileHandler' driver.
INFO - 2023-10-24 18:27:03 --> Session: Class initialized using 'CodeIgniter\Session\Handlers\FileHandler' driver.
INFO - 2023-10-24 18:27:07 --> Session: Class initialized using 'CodeIgniter\Session\Handlers\FileHandler' driver.
INFO - 2023-10-24 18:27:08 --> Session: Class initialized using 'CodeIgniter\Session\Handlers\FileHandler' driver.
INFO - 2023-10-24 18:27:13 --> Session: Class initialized using 'CodeIgniter\Session\Handlers\FileHandler' driver.
INFO - 2023-10-24 18:27:24 --> Session: Class initialized using 'CodeIgniter\Session\Handlers\FileHandler' driver.
INFO - 2023-10-24 18:27:24 --> Session: Class initialized using 'CodeIgniter\Session\Handlers\FileHandler' driver.
INFO - 2023-10-24 18:27:28 --> Session: Class initialized using 'CodeIgniter\Session\Handlers\FileHandler' driver.
INFO - 2023-10-24 18:27:31 --> Session: Class initialized using 'CodeIgniter\Session\Handlers\FileHandler' driver.
INFO - 2023-10-24 18:27:37 --> Session: Class initialized using 'CodeIgniter\Session\Handlers\FileHandler' driver.
INFO - 2023-10-24 18:27:40 --> Session: Class initialized using 'CodeIgniter\Session\Handlers\FileHandler' driver.
INFO - 2023-10-24 18:27:40 --> Session: Class initialized using 'CodeIgniter\Session\Handlers\FileHandler' driver.
INFO - 2023-10-24 18:27:46 --> Session: Class initialized using 'CodeIgniter\Session\Handlers\FileHandler' driver.
INFO - 2023-10-24 18:28:04 --> Session: Class initialized using 'CodeIgniter\Session\Handlers\FileHandler' driver.
INFO - 2023-10-24 18:28:05 --> Session: Class initialized using 'CodeIgniter\Session\Handlers\FileHandler' driver.
INFO - 2023-10-24 18:28:14 --> Session: Class initialized using 'CodeIgniter\Session\Handlers\FileHandler' driver.
INFO - 2023-10-24 18:28:15 --> Session: Class initialized using 'CodeIgniter\Session\Handlers\FileHandler' driver.
INFO - 2023-10-24 18:28:18 --> Session: Class initialized using 'CodeIgniter\Session\Handlers\FileHandler' driver.
INFO - 2023-10-24 18:28:25 --> Session: Class initialized using 'CodeIgniter\Session\Handlers\FileHandler' driver.
INFO - 2023-10-24 18:28:31 --> Session: Class initialized using 'CodeIgniter\Session\Handlers\FileHandler' driver.
INFO - 2023-10-24 18:30:12 --> Session: Class initialized using 'CodeIgniter\Session\Handlers\FileHandler' driver.
INFO - 2023-10-24 18:30:22 --> Session: Class initialized using 'CodeIgniter\Session\Handlers\FileHandler' driver.
INFO - 2023-10-24 18:30:50 --> Session: Class initialized using 'CodeIgniter\Session\Handlers\FileHandler' driver.
INFO - 2023-10-24 18:30:54 --> Session: Class initialized using 'CodeIgniter\Session\Handlers\FileHandler' driver.
INFO - 2023-10-24 18:30:55 --> Session: Class initialized using 'CodeIgniter\Session\Handlers\FileHandler' driver.
INFO - 2023-10-24 18:31:45 --> Session: Class initialized using 'CodeIgniter\Session\Handlers\FileHandler' driver.
INFO - 2023-10-24 18:31:49 --> Session: Class initialized using 'CodeIgniter\Session\Handlers\FileHandler' driver.
INFO - 2023-10-24 18:31:53 --> Session: Class initialized using 'CodeIgniter\Session\Handlers\FileHandler' driver.
INFO - 2023-10-24 18:31:56 --> Session: Class initialized using 'CodeIgniter\Session\Handlers\FileHandler' driver.
INFO - 2023-10-24 18:31:59 --> Session: Class initialized using 'CodeIgniter\Session\Handlers\FileHandler' driver.
INFO - 2023-10-24 18:32:50 --> Session: Class initialized using 'CodeIgniter\Session\Handlers\FileHandler' driver.
INFO - 2023-10-24 18:33:05 --> Session: Class initialized using 'CodeIgniter\Session\Handlers\FileHandler' driver.
INFO - 2023-10-24 19:12:42 --> Session: Class initialized using 'CodeIgniter\Session\Handlers\FileHandler' driver.
INFO - 2023-10-24 19:12:43 --> Session: Class initialized using 'CodeIgniter\Session\Handlers\FileHandler' driver.
INFO - 2023-10-24 19:12:59 --> Session: Class initialized using 'CodeIgniter\Session\Handlers\FileHandler' driver.
INFO - 2023-10-24 19:13:06 --> Session: Class initialized using 'CodeIgniter\Session\Handlers\FileHandler' driver.
