CRITICAL - 2023-09-30 12:20:32 --> Call to undefined function link_tag()
in APPPATH/Views/login.php on line 7.
 1 SYSTEMPATH/View/View.php(226): include()
 2 SYSTEMPATH/View/View.php(229): CodeIgniter\View\View->CodeIgniter\View\{closure}()
 3 SYSTEMPATH/Common.php(1178): CodeIgniter\View\View->render()
 4 APPPATH/Controllers/Pages.php(9): view()
 5 SYSTEMPATH/CodeIgniter.php(915): App\Controllers\Pages->index()
 6 SYSTEMPATH/CodeIgniter.php(492): CodeIgniter\CodeIgniter->runController()
 7 SYSTEMPATH/CodeIgniter.php(353): CodeIgniter\CodeIgniter->handleRequest()
 8 FCPATH/index.php(79): CodeIgniter\CodeIgniter->run()
 9 SYSTEMPATH/Commands/Server/rewrite.php(47): require_once('/home/xnullx/ProjetoIntegradorBackEnd/public/index.php')
CRITICAL - 2023-09-30 12:20:38 --> Call to undefined function link_tag()
in APPPATH/Views/login.php on line 7.
 1 SYSTEMPATH/View/View.php(226): include()
 2 SYSTEMPATH/View/View.php(229): CodeIgniter\View\View->CodeIgniter\View\{closure}()
 3 SYSTEMPATH/Common.php(1178): CodeIgniter\View\View->render()
 4 APPPATH/Controllers/Pages.php(9): view()
 5 SYSTEMPATH/CodeIgniter.php(915): App\Controllers\Pages->index()
 6 SYSTEMPATH/CodeIgniter.php(492): CodeIgniter\CodeIgniter->runController()
 7 SYSTEMPATH/CodeIgniter.php(353): CodeIgniter\CodeIgniter->handleRequest()
 8 FCPATH/index.php(79): CodeIgniter\CodeIgniter->run()
 9 SYSTEMPATH/Commands/Server/rewrite.php(47): require_once('/home/xnullx/ProjetoIntegradorBackEnd/public/index.php')
CRITICAL - 2023-09-30 12:21:01 --> Call to undefined function link_tag()
in APPPATH/Views/login.php on line 7.
 1 SYSTEMPATH/View/View.php(226): include()
 2 SYSTEMPATH/View/View.php(229): CodeIgniter\View\View->CodeIgniter\View\{closure}()
 3 SYSTEMPATH/Common.php(1178): CodeIgniter\View\View->render()
 4 APPPATH/Controllers/Pages.php(9): view()
 5 SYSTEMPATH/CodeIgniter.php(915): App\Controllers\Pages->index()
 6 SYSTEMPATH/CodeIgniter.php(492): CodeIgniter\CodeIgniter->runController()
 7 SYSTEMPATH/CodeIgniter.php(353): CodeIgniter\CodeIgniter->handleRequest()
 8 FCPATH/index.php(79): CodeIgniter\CodeIgniter->run()
 9 SYSTEMPATH/Commands/Server/rewrite.php(47): require_once('/home/xnullx/ProjetoIntegradorBackEnd/public/index.php')
CRITICAL - 2023-09-30 12:21:05 --> Call to undefined function link_tag()
in APPPATH/Views/login.php on line 7.
 1 SYSTEMPATH/View/View.php(226): include()
 2 SYSTEMPATH/View/View.php(229): CodeIgniter\View\View->CodeIgniter\View\{closure}()
 3 SYSTEMPATH/Common.php(1178): CodeIgniter\View\View->render()
 4 APPPATH/Controllers/Pages.php(9): view()
 5 SYSTEMPATH/CodeIgniter.php(915): App\Controllers\Pages->index()
 6 SYSTEMPATH/CodeIgniter.php(492): CodeIgniter\CodeIgniter->runController()
 7 SYSTEMPATH/CodeIgniter.php(353): CodeIgniter\CodeIgniter->handleRequest()
 8 FCPATH/index.php(79): CodeIgniter\CodeIgniter->run()
 9 SYSTEMPATH/Commands/Server/rewrite.php(47): require_once('/home/xnullx/ProjetoIntegradorBackEnd/public/index.php')
CRITICAL - 2023-09-30 12:21:10 --> Call to undefined function link_tag()
in APPPATH/Views/login.php on line 7.
 1 SYSTEMPATH/View/View.php(226): include()
 2 SYSTEMPATH/View/View.php(229): CodeIgniter\View\View->CodeIgniter\View\{closure}()
 3 SYSTEMPATH/Common.php(1178): CodeIgniter\View\View->render()
 4 APPPATH/Controllers/Pages.php(9): view()
 5 SYSTEMPATH/CodeIgniter.php(915): App\Controllers\Pages->index()
 6 SYSTEMPATH/CodeIgniter.php(492): CodeIgniter\CodeIgniter->runController()
 7 SYSTEMPATH/CodeIgniter.php(353): CodeIgniter\CodeIgniter->handleRequest()
 8 FCPATH/index.php(79): CodeIgniter\CodeIgniter->run()
 9 SYSTEMPATH/Commands/Server/rewrite.php(47): require_once('/home/xnullx/ProjetoIntegradorBackEnd/public/index.php')
CRITICAL - 2023-09-30 12:26:54 --> Call to undefined function link_tag()
in APPPATH/Views/login.php on line 7.
 1 SYSTEMPATH/View/View.php(226): include()
 2 SYSTEMPATH/View/View.php(229): CodeIgniter\View\View->CodeIgniter\View\{closure}()
 3 SYSTEMPATH/Common.php(1178): CodeIgniter\View\View->render()
 4 APPPATH/Controllers/Pages.php(9): view()
 5 SYSTEMPATH/CodeIgniter.php(915): App\Controllers\Pages->index()
 6 SYSTEMPATH/CodeIgniter.php(492): CodeIgniter\CodeIgniter->runController()
 7 SYSTEMPATH/CodeIgniter.php(353): CodeIgniter\CodeIgniter->handleRequest()
 8 FCPATH/index.php(79): CodeIgniter\CodeIgniter->run()
 9 SYSTEMPATH/Commands/Server/rewrite.php(47): require_once('/home/xnullx/ProjetoIntegradorBackEnd/public/index.php')
CRITICAL - 2023-09-30 12:29:35 --> Undefined property: App\Controllers\Pages::$load
in APPPATH/Controllers/Pages.php on line 9.
 1 APPPATH/Controllers/Pages.php(9): CodeIgniter\Debug\Exceptions->errorHandler()
 2 SYSTEMPATH/CodeIgniter.php(915): App\Controllers\Pages->index()
 3 SYSTEMPATH/CodeIgniter.php(492): CodeIgniter\CodeIgniter->runController()
 4 SYSTEMPATH/CodeIgniter.php(353): CodeIgniter\CodeIgniter->handleRequest()
 5 FCPATH/index.php(79): CodeIgniter\CodeIgniter->run()
 6 SYSTEMPATH/Commands/Server/rewrite.php(47): require_once('/home/xnullx/ProjetoIntegradorBackEnd/public/index.php')
CRITICAL - 2023-09-30 12:47:21 --> Class "App\Controllers\PageNotFoundException" not found
in APPPATH/Controllers/Pages.php on line 16.
 1 SYSTEMPATH/CodeIgniter.php(915): App\Controllers\Pages->view()
 2 SYSTEMPATH/CodeIgniter.php(492): CodeIgniter\CodeIgniter->runController()
 3 SYSTEMPATH/CodeIgniter.php(353): CodeIgniter\CodeIgniter->handleRequest()
 4 FCPATH/index.php(79): CodeIgniter\CodeIgniter->run()
 5 SYSTEMPATH/Commands/Server/rewrite.php(47): require_once('/home/xnullx/ProjetoIntegradorBackEnd/public/index.php')
CRITICAL - 2023-09-30 12:49:18 --> Class "App\Controllers\PageNotFoundException" not found
in APPPATH/Controllers/Pages.php on line 16.
 1 SYSTEMPATH/CodeIgniter.php(915): App\Controllers\Pages->view()
 2 SYSTEMPATH/CodeIgniter.php(492): CodeIgniter\CodeIgniter->runController()
 3 SYSTEMPATH/CodeIgniter.php(353): CodeIgniter\CodeIgniter->handleRequest()
 4 FCPATH/index.php(79): CodeIgniter\CodeIgniter->run()
 5 SYSTEMPATH/Commands/Server/rewrite.php(47): require_once('/home/xnullx/ProjetoIntegradorBackEnd/public/index.php')
